Log file open, 12/26/20 16:03:46
LogInit: Display: Running engine for game: UAV_Flight
LogPlatformFile: Not using cached read wrapper
LogTaskGraph: Started task graph with 5 named threads and 35 total threads with 3 sets of task threads.
LogStats: Stats thread started at 0.221134
LogD3D11RHI: Loaded GFSDK_Aftermath_Lib.x64.dll
LogICUInternationalization: ICU TimeZone Detection - Raw Offset: -6:00, Platform Override: ''
LogPluginManager: Mounting plugin Paper2D
LogPluginManager: Mounting plugin AISupport
LogPluginManager: Mounting plugin LightPropagationVolume
LogPluginManager: Mounting plugin CameraShakePreviewer
LogPluginManager: Mounting plugin ActorLayerUtilities
LogPluginManager: Mounting plugin AnimationSharing
LogPluginManager: Mounting plugin CLionSourceCodeAccess
LogPluginManager: Mounting plugin CodeLiteSourceCodeAccess
LogPluginManager: Mounting plugin GitSourceControl
LogPluginManager: Mounting plugin KDevelopSourceCodeAccess
LogPluginManager: Mounting plugin NullSourceCodeAccess
LogPluginManager: Mounting plugin PerforceSourceControl
LogPluginManager: Mounting plugin PlasticSourceControl
LogPluginManager: Mounting plugin RiderSourceCodeAccess
LogPluginManager: Mounting plugin SubversionSourceControl
LogPluginManager: Mounting plugin UObjectPlugin
LogPluginManager: Mounting plugin VisualStudioCodeSourceCodeAccess
LogPluginManager: Mounting plugin VisualStudioSourceCodeAccess
LogPluginManager: Mounting plugin XCodeSourceCodeAccess
LogPluginManager: Mounting plugin AssetManagerEditor
LogPluginManager: Mounting plugin CryptoKeys
LogPluginManager: Mounting plugin CurveEditorTools
LogPluginManager: Mounting plugin DataValidation
LogPluginManager: Mounting plugin EditorScriptingUtilities
LogPluginManager: Mounting plugin FacialAnimation
LogPluginManager: Mounting plugin GameplayTagsEditor
LogPluginManager: Mounting plugin GeometryMode
LogPluginManager: Mounting plugin MacGraphicsSwitching
LogPluginManager: Mounting plugin MaterialAnalyzer
LogPluginManager: Mounting plugin MobileLauncherProfileWizard
LogPluginManager: Mounting plugin PluginBrowser
LogPluginManager: Mounting plugin SpeedTreeImporter
LogPluginManager: Mounting plugin DatasmithContent
LogPluginManager: Mounting plugin VariantManagerContent
LogPluginManager: Mounting plugin AlembicImporter
LogPluginManager: Mounting plugin AutomationUtils
LogPluginManager: Mounting plugin BackChannel
LogPluginManager: Mounting plugin ChaosCloth
LogPluginManager: Mounting plugin ChaosClothEditor
LogPluginManager: Mounting plugin ChaosEditor
LogPluginManager: Mounting plugin ChaosNiagara
LogPluginManager: Mounting plugin ChaosSolverPlugin
LogPluginManager: Mounting plugin CharacterAI
LogPluginManager: Mounting plugin GeometryCache
LogPluginManager: Mounting plugin GeometryCollectionPlugin
LogPluginManager: Mounting plugin GeometryProcessing
LogPluginManager: Mounting plugin PlanarCut
LogPluginManager: Mounting plugin PlatformCrypto
LogPluginManager: Mounting plugin ProxyLODPlugin
LogPluginManager: Mounting plugin SkeletalReduction
LogPluginManager: Mounting plugin Niagara
LogPluginManager: Mounting plugin MagicLeap
LogPluginManager: Mounting plugin MagicLeapLightEstimation
LogPluginManager: Mounting plugin MagicLeapMedia
LogPluginManager: Mounting plugin MagicLeapPassableWorld
LogPluginManager: Mounting plugin MLSDK
LogPluginManager: Mounting plugin AndroidMedia
LogPluginManager: Mounting plugin AvfMedia
LogPluginManager: Mounting plugin ImgMedia
LogPluginManager: Mounting plugin MediaCompositing
LogPluginManager: Mounting plugin MediaPlayerEditor
LogPluginManager: Mounting plugin WebMMedia
LogPluginManager: Mounting plugin WmfMedia
LogPluginManager: Mounting plugin MeshPainting
LogPluginManager: Mounting plugin TcpMessaging
LogPluginManager: Mounting plugin UdpMessaging
LogPluginManager: Mounting plugin ActorSequence
LogPluginManager: Mounting plugin LevelSequenceEditor
LogPluginManager: Mounting plugin MatineeToLevelSequence
LogPluginManager: Mounting plugin MovieRenderPipeline
LogPluginManager: Mounting plugin TemplateSequence
LogPluginManager: Mounting plugin NetcodeUnitTest
LogPluginManager: Mounting plugin NUTUnrealEngine4
LogPluginManager: Mounting plugin OnlineSubsystemGooglePlay
LogPluginManager: Mounting plugin OnlineSubsystemIOS
LogPluginManager: Mounting plugin OnlineSubsystem
LogPluginManager: Mounting plugin OnlineSubsystemNull
LogPluginManager: Mounting plugin OnlineSubsystemUtils
LogPluginManager: Mounting plugin LauncherChunkInstaller
LogPluginManager: Mounting plugin AndroidDeviceProfileSelector
LogPluginManager: Mounting plugin AndroidMoviePlayer
LogPluginManager: Mounting plugin AndroidPermission
LogPluginManager: Mounting plugin AppleImageUtils
LogPluginManager: Mounting plugin AppleMoviePlayer
LogPluginManager: Mounting plugin ArchVisCharacter
LogPluginManager: Mounting plugin AssetTags
LogPluginManager: Mounting plugin AudioCapture
LogPluginManager: Mounting plugin CableComponent
LogPluginManager: Mounting plugin CustomMeshComponent
LogPluginManager: Mounting plugin EditableMesh
LogPluginManager: Mounting plugin ExampleDeviceProfileSelector
LogPluginManager: Mounting plugin GoogleCloudMessaging
LogPluginManager: Mounting plugin GooglePAD
LogPluginManager: Mounting plugin IOSDeviceProfileSelector
LogPluginManager: Mounting plugin LinuxDeviceProfileSelector
LogPluginManager: Mounting plugin LocationServicesBPLibrary
LogPluginManager: Mounting plugin MobilePatchingUtils
LogPluginManager: Mounting plugin OculusVR
LogPluginManager: Mounting plugin PhysXVehicles
LogPluginManager: Mounting plugin PostSplashScreen
LogPluginManager: Mounting plugin ProceduralMeshComponent
LogPluginManager: Mounting plugin RuntimePhysXCooking
LogPluginManager: Mounting plugin SignificanceManager
LogPluginManager: Mounting plugin SoundFields
LogPluginManager: Mounting plugin SteamVR
LogPluginManager: Mounting plugin Synthesis
LogPluginManager: Mounting plugin WebMMoviePlayer
LogPluginManager: Mounting plugin WindowsMoviePlayer
LogPluginManager: Mounting plugin ScreenshotTools
LogInit: Using libcurl 7.55.1-DEV
LogInit:  - built for x86_64-pc-win32
LogInit:  - supports SSL with OpenSSL/1.1.1
LogInit:  - supports HTTP deflate (compression) using libz 1.2.8
LogInit:  - other features:
LogInit:      CURL_VERSION_SSL
LogInit:      CURL_VERSION_LIBZ
LogInit:      CURL_VERSION_IPV6
LogInit:      CURL_VERSION_ASYNCHDNS
LogInit:      CURL_VERSION_LARGEFILE
LogInit:      CURL_VERSION_IDN
LogInit:  CurlRequestOptions (configurable via config and command line):
LogInit:  - bVerifyPeer = true  - Libcurl will verify peer certificate
LogInit:  - bUseHttpProxy = false  - Libcurl will NOT use HTTP proxy
LogInit:  - bDontReuseConnections = false  - Libcurl will reuse connections
LogInit:  - MaxHostConnections = 16  - Libcurl will limit the number of connections to a host
LogInit:  - LocalHostAddr = Default
LogInit:  - BufferSize = 65536
LogOnline: OSS: Creating online subsystem instance for: NULL
LogInit: WinSock: version 1.1 (2.2), MaxSocks=32767, MaxUdp=65467
LogOnline: OSS: TryLoadSubsystemAndSetDefault: Loaded subsystem for module [NULL]
LogInit: Build: ++UE4+Release-4.25-CL-14469661
LogInit: Engine Version: 4.25.4-14469661+++UE4+Release-4.25
LogInit: Compatible Engine Version: 4.25.0-13144385+++UE4+Release-4.25
LogInit: Net CL: 13144385
LogInit: OS: Windows 10 (Release 2004) (), CPU: Intel(R) Core(TM) i7-10750H CPU @ 2.60GHz, GPU: NVIDIA GeForce GTX 1660 Ti
LogInit: Compiled (64-bit): Oct 11 2020 08:10:49
LogInit: Compiled with Visual C++: 19.24.28315.00
LogInit: Build Configuration: Development
LogInit: Branch Name: ++UE4+Release-4.25
LogInit: Command Line:  -EpicPortal -epicusername=Deepakgthomas -epicuserid=ac754e5bc6f342ffb7ba845c26da3a75 -epiclocale=en
LogInit: Base Directory: C:/Program Files/Epic Games/UE_4.25/Engine/Binaries/Win64/
LogInit: Allocator: TBB
LogInit: Installed Engine Build: 1
LogDevObjectVersion: Number of dev versions registered: 26
LogDevObjectVersion:   Dev-Blueprints (B0D832E4-1F89-4F0D-ACCF-7EB736FD4AA2): 10
LogDevObjectVersion:   Dev-Build (E1C64328-A22C-4D53-A36C-8E866417BD8C): 0
LogDevObjectVersion:   Dev-Core (375EC13C-06E4-48FB-B500-84F0262A717E): 4
LogDevObjectVersion:   Dev-Editor (E4B068ED-F494-42E9-A231-DA0B2E46BB41): 38
LogDevObjectVersion:   Dev-Framework (CFFC743F-43B0-4480-9391-14DF171D2073): 37
LogDevObjectVersion:   Dev-Mobile (B02B49B5-BB20-44E9-A304-32B752E40360): 2
LogDevObjectVersion:   Dev-Networking (A4E4105C-59A1-49B5-A7C5-40C4547EDFEE): 0
LogDevObjectVersion:   Dev-Online (39C831C9-5AE6-47DC-9A44-9C173E1C8E7C): 0
LogDevObjectVersion:   Dev-Physics (78F01B33-EBEA-4F98-B9B4-84EACCB95AA2): 4
LogDevObjectVersion:   Dev-Platform (6631380F-2D4D-43E0-8009-CF276956A95A): 0
LogDevObjectVersion:   Dev-Rendering (12F88B9F-8875-4AFC-A67C-D90C383ABD29): 43
LogDevObjectVersion:   Dev-Sequencer (7B5AE74C-D270-4C10-A958-57980B212A5A): 12
LogDevObjectVersion:   Dev-VR (D7296918-1DD6-4BDD-9DE2-64A83CC13884): 3
LogDevObjectVersion:   Dev-LoadTimes (C2A15278-BFE7-4AFE-6C17-90FF531DF755): 1
LogDevObjectVersion:   Private-Geometry (6EACA3D4-40EC-4CC1-B786-8BED09428FC5): 3
LogDevObjectVersion:   Dev-AnimPhys (29E575DD-E0A3-4627-9D10-D276232CDCEA): 17
LogDevObjectVersion:   Dev-Anim (AF43A65D-7FD3-4947-9873-3E8ED9C1BB05): 7
LogDevObjectVersion:   Dev-ReflectionCapture (6B266CEC-1EC7-4B8F-A30B-E4D90942FC07): 1
LogDevObjectVersion:   Dev-Automation (0DF73D61-A23F-47EA-B727-89E90C41499A): 1
LogDevObjectVersion:   FortniteMain (601D1886-AC64-4F84-AA16-D3DE0DEAC7D6): 31
LogDevObjectVersion:   Dev-Enterprise (9DFFBCD6-494F-0158-E221-12823C92A888): 10
LogDevObjectVersion:   Dev-Niagara (F2AED0AC-9AFE-416F-8664-AA7FFA26D6FC): 1
LogDevObjectVersion:   Dev-Destruction (174F1F0B-B4C6-45A5-B13F-2EE8D0FB917D): 10
LogDevObjectVersion:   Dev-Physics-Ext (35F94A83-E258-406C-A318-09F59610247C): 37
LogDevObjectVersion:   Dev-PhysicsMaterial-Chaos (B68FC16E-8B1B-42E2-B453-215C058844FE): 1
LogDevObjectVersion:   Dev-CineCamera (B2E18506-4273-CFC2-A54E-F4BB758BBA07): 1
LogInit: Presizing for max 25165824 objects, including 0 objects not considered by GC, pre-allocating 0 bytes for permanent pool.
LogConfig: Applying CVar settings from Section [/Script/Engine.StreamingSettings] File [C:/Users/thoma/Documents/Unreal Projects/UAV_Flight/Saved/Config/Windows/Engine.ini]
LogConfig: Setting CVar [[s.MinBulkDataSizeForAsyncLoading:131072]]
LogConfig: Setting CVar [[s.AsyncLoadingThreadEnabled:0]]
LogConfig: Setting CVar [[s.EventDrivenLoaderEnabled:1]]
LogConfig: Setting CVar [[s.WarnIfTimeLimitExceeded:0]]
LogConfig: Setting CVar [[s.TimeLimitExceededMultiplier:1.5]]
LogConfig: Setting CVar [[s.TimeLimitExceededMinTime:0.005]]
LogConfig: Setting CVar [[s.UseBackgroundLevelStreaming:1]]
LogConfig: Setting CVar [[s.PriorityAsyncLoadingExtraTime:15.0]]
LogConfig: Setting CVar [[s.LevelStreamingActorsUpdateTimeLimit:5.0]]
LogConfig: Setting CVar [[s.PriorityLevelStreamingActorsUpdateExtraTime:5.0]]
LogConfig: Setting CVar [[s.LevelStreamingComponentsRegistrationGranularity:10]]
LogConfig: Setting CVar [[s.UnregisterComponentsTimeLimit:1.0]]
LogConfig: Setting CVar [[s.LevelStreamingComponentsUnregistrationGranularity:5]]
LogConfig: Setting CVar [[s.FlushStreamingOnExit:1]]
LogInit: Object subsystem initialized
LogConfig: Setting CVar [[con.DebugEarlyDefault:1]]
LogConfig: Setting CVar [[r.setres:1280x720]]
[2020.12.26-22.03.46:807][  0]LogConfig: Setting CVar [[r.VSync:0]]
[2020.12.26-22.03.46:807][  0]LogConfig: Setting CVar [[r.RHICmdBypass:0]]
[2020.12.26-22.03.46:807][  0]LogConfig: Applying CVar settings from Section [/Script/Engine.RendererSettings] File [C:/Users/thoma/Documents/Unreal Projects/UAV_Flight/Saved/Config/Windows/Engine.ini]
[2020.12.26-22.03.46:807][  0]LogConfig: Setting CVar [[r.GPUCrashDebugging:0]]
[2020.12.26-22.03.46:807][  0]LogConfig: Applying CVar settings from Section [/Script/Engine.RendererOverrideSettings] File [C:/Users/thoma/Documents/Unreal Projects/UAV_Flight/Saved/Config/Windows/Engine.ini]
[2020.12.26-22.03.46:807][  0]LogConfig: Applying CVar settings from Section [/Script/Engine.StreamingSettings] File [C:/Users/thoma/Documents/Unreal Projects/UAV_Flight/Saved/Config/Windows/Engine.ini]
[2020.12.26-22.03.46:807][  0]LogConfig: Setting CVar [[s.MinBulkDataSizeForAsyncLoading:131072]]
[2020.12.26-22.03.46:807][  0]LogConfig: Setting CVar [[s.AsyncLoadingThreadEnabled:0]]
[2020.12.26-22.03.46:807][  0]LogConfig: Setting CVar [[s.EventDrivenLoaderEnabled:1]]
[2020.12.26-22.03.46:807][  0]LogConfig: Setting CVar [[s.WarnIfTimeLimitExceeded:0]]
[2020.12.26-22.03.46:807][  0]LogConfig: Setting CVar [[s.TimeLimitExceededMultiplier:1.5]]
[2020.12.26-22.03.46:807][  0]LogConfig: Setting CVar [[s.TimeLimitExceededMinTime:0.005]]
[2020.12.26-22.03.46:807][  0]LogConfig: Setting CVar [[s.UseBackgroundLevelStreaming:1]]
[2020.12.26-22.03.46:807][  0]LogConfig: Setting CVar [[s.PriorityAsyncLoadingExtraTime:15.0]]
[2020.12.26-22.03.46:807][  0]LogConfig: Setting CVar [[s.LevelStreamingActorsUpdateTimeLimit:5.0]]
[2020.12.26-22.03.46:807][  0]LogConfig: Setting CVar [[s.PriorityLevelStreamingActorsUpdateExtraTime:5.0]]
[2020.12.26-22.03.46:807][  0]LogConfig: Setting CVar [[s.LevelStreamingComponentsRegistrationGranularity:10]]
[2020.12.26-22.03.46:807][  0]LogConfig: Setting CVar [[s.UnregisterComponentsTimeLimit:1.0]]
[2020.12.26-22.03.46:807][  0]LogConfig: Setting CVar [[s.LevelStreamingComponentsUnregistrationGranularity:5]]
[2020.12.26-22.03.46:807][  0]LogConfig: Setting CVar [[s.FlushStreamingOnExit:1]]
[2020.12.26-22.03.46:807][  0]LogConfig: Applying CVar settings from Section [/Script/Engine.GarbageCollectionSettings] File [C:/Users/thoma/Documents/Unreal Projects/UAV_Flight/Saved/Config/Windows/Engine.ini]
[2020.12.26-22.03.46:807][  0]LogConfig: Setting CVar [[gc.MaxObjectsNotConsideredByGC:1]]
[2020.12.26-22.03.46:807][  0]LogConfig: Setting CVar [[gc.SizeOfPermanentObjectPool:0]]
[2020.12.26-22.03.46:807][  0]LogConfig: Setting CVar [[gc.FlushStreamingOnGC:0]]
[2020.12.26-22.03.46:807][  0]LogConfig: Setting CVar [[gc.NumRetriesBeforeForcingGC:10]]
[2020.12.26-22.03.46:807][  0]LogConfig: Setting CVar [[gc.AllowParallelGC:1]]
[2020.12.26-22.03.46:807][  0]LogConfig: Setting CVar [[gc.TimeBetweenPurgingPendingKillObjects:61.1]]
[2020.12.26-22.03.46:807][  0]LogConfig: Setting CVar [[gc.MaxObjectsInEditor:25165824]]
[2020.12.26-22.03.46:807][  0]LogConfig: Setting CVar [[gc.IncrementalBeginDestroyEnabled:1]]
[2020.12.26-22.03.46:807][  0]LogConfig: Setting CVar [[gc.CreateGCClusters:1]]
[2020.12.26-22.03.46:807][  0]LogConfig: Setting CVar [[gc.MinGCClusterSize:5]]
[2020.12.26-22.03.46:807][  0]LogConfig: Setting CVar [[gc.ActorClusteringEnabled:0]]
[2020.12.26-22.03.46:807][  0]LogConfig: Setting CVar [[gc.BlueprintClusteringEnabled:0]]
[2020.12.26-22.03.46:807][  0]LogConfig: Setting CVar [[gc.UseDisregardForGCOnDedicatedServers:0]]
[2020.12.26-22.03.46:807][  0]LogConfig: Applying CVar settings from Section [/Script/Engine.NetworkSettings] File [C:/Users/thoma/Documents/Unreal Projects/UAV_Flight/Saved/Config/Windows/Engine.ini]
[2020.12.26-22.03.46:807][  0]LogConfig: Applying CVar settings from Section [/Script/UnrealEd.CookerSettings] File [C:/Users/thoma/Documents/Unreal Projects/UAV_Flight/Saved/Config/Windows/Engine.ini]
[2020.12.26-22.03.46:809][  0]LogConfig: Applying CVar settings from Section [ViewDistanceQuality@3] File [C:/Users/thoma/Documents/Unreal Projects/UAV_Flight/Saved/Config/Windows/Scalability.ini]
[2020.12.26-22.03.46:809][  0]LogConfig: Setting CVar [[r.SkeletalMeshLODBias:0]]
[2020.12.26-22.03.46:809][  0]LogConfig: Setting CVar [[r.ViewDistanceScale:1.0]]
[2020.12.26-22.03.46:810][  0]LogConfig: Applying CVar settings from Section [AntiAliasingQuality@3] File [C:/Users/thoma/Documents/Unreal Projects/UAV_Flight/Saved/Config/Windows/Scalability.ini]
[2020.12.26-22.03.46:810][  0]LogConfig: Setting CVar [[r.PostProcessAAQuality:4]]
[2020.12.26-22.03.46:810][  0]LogConfig: Applying CVar settings from Section [ShadowQuality@3] File [C:/Users/thoma/Documents/Unreal Projects/UAV_Flight/Saved/Config/Windows/Scalability.ini]
[2020.12.26-22.03.46:810][  0]LogConfig: Setting CVar [[r.LightFunctionQuality:1]]
[2020.12.26-22.03.46:810][  0]LogConfig: Setting CVar [[r.ShadowQuality:5]]
[2020.12.26-22.03.46:810][  0]LogConfig: Setting CVar [[r.Shadow.CSM.MaxCascades:10]]
[2020.12.26-22.03.46:810][  0]LogConfig: Setting CVar [[r.Shadow.MaxResolution:2048]]
[2020.12.26-22.03.46:810][  0]LogConfig: Setting CVar [[r.Shadow.MaxCSMResolution:2048]]
[2020.12.26-22.03.46:810][  0]LogConfig: Setting CVar [[r.Shadow.RadiusThreshold:0.01]]
[2020.12.26-22.03.46:810][  0]LogConfig: Setting CVar [[r.Shadow.DistanceScale:1.0]]
[2020.12.26-22.03.46:810][  0]LogConfig: Setting CVar [[r.Shadow.CSM.TransitionScale:1.0]]
[2020.12.26-22.03.46:810][  0]LogConfig: Setting CVar [[r.Shadow.PreShadowResolutionFactor:1.0]]
[2020.12.26-22.03.46:810][  0]LogConfig: Setting CVar [[r.DistanceFieldShadowing:1]]
[2020.12.26-22.03.46:810][  0]LogConfig: Setting CVar [[r.DistanceFieldAO:1]]
[2020.12.26-22.03.46:810][  0]LogConfig: Setting CVar [[r.AOQuality:2]]
[2020.12.26-22.03.46:810][  0]LogConfig: Setting CVar [[r.VolumetricFog:1]]
[2020.12.26-22.03.46:810][  0]LogConfig: Setting CVar [[r.VolumetricFog.GridPixelSize:8]]
[2020.12.26-22.03.46:810][  0]LogConfig: Setting CVar [[r.VolumetricFog.GridSizeZ:128]]
[2020.12.26-22.03.46:810][  0]LogConfig: Setting CVar [[r.VolumetricFog.HistoryMissSupersampleCount:4]]
[2020.12.26-22.03.46:810][  0]LogConfig: Setting CVar [[r.LightMaxDrawDistanceScale:1]]
[2020.12.26-22.03.46:810][  0]LogConfig: Setting CVar [[r.CapsuleShadows:1]]
[2020.12.26-22.03.46:810][  0]LogConfig: Applying CVar settings from Section [PostProcessQuality@3] File [C:/Users/thoma/Documents/Unreal Projects/UAV_Flight/Saved/Config/Windows/Scalability.ini]
[2020.12.26-22.03.46:810][  0]LogConfig: Setting CVar [[r.MotionBlurQuality:4]]
[2020.12.26-22.03.46:810][  0]LogConfig: Setting CVar [[r.AmbientOcclusionMipLevelFactor:0.4]]
[2020.12.26-22.03.46:810][  0]LogConfig: Setting CVar [[r.AmbientOcclusionMaxQuality:100]]
[2020.12.26-22.03.46:810][  0]LogConfig: Setting CVar [[r.AmbientOcclusionLevels:-1]]
[2020.12.26-22.03.46:810][  0]LogConfig: Setting CVar [[r.AmbientOcclusionRadiusScale:1.0]]
[2020.12.26-22.03.46:810][  0]LogConfig: Setting CVar [[r.DepthOfFieldQuality:2]]
[2020.12.26-22.03.46:810][  0]LogConfig: Setting CVar [[r.RenderTargetPoolMin:400]]
[2020.12.26-22.03.46:810][  0]LogConfig: Setting CVar [[r.LensFlareQuality:2]]
[2020.12.26-22.03.46:810][  0]LogConfig: Setting CVar [[r.SceneColorFringeQuality:1]]
[2020.12.26-22.03.46:810][  0]LogConfig: Setting CVar [[r.EyeAdaptationQuality:2]]
[2020.12.26-22.03.46:810][  0]LogConfig: Setting CVar [[r.BloomQuality:5]]
[2020.12.26-22.03.46:810][  0]LogConfig: Setting CVar [[r.FastBlurThreshold:100]]
[2020.12.26-22.03.46:810][  0]LogConfig: Setting CVar [[r.Upscale.Quality:3]]
[2020.12.26-22.03.46:810][  0]LogConfig: Setting CVar [[r.Tonemapper.GrainQuantization:1]]
[2020.12.26-22.03.46:810][  0]LogConfig: Setting CVar [[r.LightShaftQuality:1]]
[2020.12.26-22.03.46:810][  0]LogConfig: Setting CVar [[r.Filter.SizeScale:1]]
[2020.12.26-22.03.46:810][  0]LogConfig: Setting CVar [[r.Tonemapper.Quality:5]]
[2020.12.26-22.03.46:810][  0]LogConfig: Setting CVar [[r.DOF.Gather.AccumulatorQuality:1        ; higher gathering accumulator quality]]
[2020.12.26-22.03.46:810][  0]LogConfig: Setting CVar [[r.DOF.Gather.PostfilterMethod:1          ; Median3x3 postfilering method]]
[2020.12.26-22.03.46:810][  0]LogConfig: Setting CVar [[r.DOF.Gather.EnableBokehSettings:0       ; no bokeh simulation when gathering]]
[2020.12.26-22.03.46:810][  0]LogConfig: Setting CVar [[r.DOF.Gather.RingCount:4                 ; medium number of samples when gathering]]
[2020.12.26-22.03.46:810][  0]LogConfig: Setting CVar [[r.DOF.Scatter.ForegroundCompositing:1    ; additive foreground scattering]]
[2020.12.26-22.03.46:810][  0]LogConfig: Setting CVar [[r.DOF.Scatter.BackgroundCompositing:2    ; additive background scattering]]
[2020.12.26-22.03.46:810][  0]LogConfig: Setting CVar [[r.DOF.Scatter.EnableBokehSettings:1      ; bokeh simulation when scattering]]
[2020.12.26-22.03.46:810][  0]LogConfig: Setting CVar [[r.DOF.Scatter.MaxSpriteRatio:0.1         ; only a maximum of 10% of scattered bokeh]]
[2020.12.26-22.03.46:810][  0]LogConfig: Setting CVar [[r.DOF.Recombine.Quality:1                ; cheap slight out of focus]]
[2020.12.26-22.03.46:810][  0]LogConfig: Setting CVar [[r.DOF.Recombine.EnableBokehSettings:0    ; no bokeh simulation on slight out of focus]]
[2020.12.26-22.03.46:810][  0]LogConfig: Setting CVar [[r.DOF.TemporalAAQuality:1                ; more stable temporal accumulation]]
[2020.12.26-22.03.46:810][  0]LogConfig: Setting CVar [[r.DOF.Kernel.MaxForegroundRadius:0.025]]
[2020.12.26-22.03.46:810][  0]LogConfig: Setting CVar [[r.DOF.Kernel.MaxBackgroundRadius:0.025]]
[2020.12.26-22.03.46:810][  0]LogConfig: Applying CVar settings from Section [TextureQuality@3] File [C:/Users/thoma/Documents/Unreal Projects/UAV_Flight/Saved/Config/Windows/Scalability.ini]
[2020.12.26-22.03.46:810][  0]LogConfig: Setting CVar [[r.Streaming.MipBias:0]]
[2020.12.26-22.03.46:810][  0]LogConfig: Setting CVar [[r.Streaming.AmortizeCPUToGPUCopy:0]]
[2020.12.26-22.03.46:810][  0]LogConfig: Setting CVar [[r.Streaming.MaxNumTexturesToStreamPerFrame:0]]
[2020.12.26-22.03.46:810][  0]LogConfig: Setting CVar [[r.Streaming.Boost:1]]
[2020.12.26-22.03.46:810][  0]LogConfig: Setting CVar [[r.MaxAnisotropy:8]]
[2020.12.26-22.03.46:810][  0]LogConfig: Setting CVar [[r.VT.MaxAnisotropy:8]]
[2020.12.26-22.03.46:810][  0]LogConfig: Setting CVar [[r.Streaming.LimitPoolSizeToVRAM:0]]
[2020.12.26-22.03.46:810][  0]LogConfig: Setting CVar [[r.Streaming.PoolSize:1000]]
[2020.12.26-22.03.46:810][  0]LogConfig: Setting CVar [[r.Streaming.MaxEffectiveScreenSize:0]]
[2020.12.26-22.03.46:810][  0]LogConfig: Applying CVar settings from Section [EffectsQuality@3] File [C:/Users/thoma/Documents/Unreal Projects/UAV_Flight/Saved/Config/Windows/Scalability.ini]
[2020.12.26-22.03.46:810][  0]LogConfig: Setting CVar [[r.TranslucencyLightingVolumeDim:64]]
[2020.12.26-22.03.46:810][  0]LogConfig: Setting CVar [[r.RefractionQuality:2]]
[2020.12.26-22.03.46:810][  0]LogConfig: Setting CVar [[r.SSR.Quality:3]]
[2020.12.26-22.03.46:810][  0]LogConfig: Setting CVar [[r.SSR.HalfResSceneColor:0]]
[2020.12.26-22.03.46:810][  0]LogConfig: Setting CVar [[r.SceneColorFormat:4]]
[2020.12.26-22.03.46:810][  0]LogConfig: Setting CVar [[r.DetailMode:2]]
[2020.12.26-22.03.46:810][  0]LogConfig: Setting CVar [[r.TranslucencyVolumeBlur:1]]
[2020.12.26-22.03.46:810][  0]LogConfig: Setting CVar [[r.MaterialQualityLevel:1 ; High quality]]
[2020.12.26-22.03.46:810][  0]LogConfig: Setting CVar [[r.SSS.Scale:1]]
[2020.12.26-22.03.46:810][  0]LogConfig: Setting CVar [[r.SSS.SampleSet:2]]
[2020.12.26-22.03.46:810][  0]LogConfig: Setting CVar [[r.SSS.Quality:1]]
[2020.12.26-22.03.46:810][  0]LogConfig: Setting CVar [[r.SSS.HalfRes:0]]
[2020.12.26-22.03.46:810][  0]LogConfig: Setting CVar [[r.SSGI.Quality:3]]
[2020.12.26-22.03.46:810][  0]LogConfig: Setting CVar [[r.EmitterSpawnRateScale:1.0]]
[2020.12.26-22.03.46:810][  0]LogConfig: Setting CVar [[r.ParticleLightQuality:2]]
[2020.12.26-22.03.46:810][  0]LogConfig: Setting CVar [[r.SkyAtmosphere.AerialPerspectiveLUT.FastApplyOnOpaque:1 ; Always have FastSkyLUT 1 in this case to avoid wrong sky]]
[2020.12.26-22.03.46:810][  0]LogConfig: Setting CVar [[r.SkyAtmosphere.AerialPerspectiveLUT.SampleCountPerSlice:1]]
[2020.12.26-22.03.46:810][  0]LogConfig: Setting CVar [[r.SkyAtmosphere.AerialPerspectiveLUT.DepthResolution:16.0]]
[2020.12.26-22.03.46:810][  0]LogConfig: Setting CVar [[r.SkyAtmosphere.FastSkyLUT:1]]
[2020.12.26-22.03.46:810][  0]LogConfig: Setting CVar [[r.SkyAtmosphere.FastSkyLUT.SampleCountMin:4.0]]
[2020.12.26-22.03.46:810][  0]LogConfig: Setting CVar [[r.SkyAtmosphere.FastSkyLUT.SampleCountMax:32.0]]
[2020.12.26-22.03.46:810][  0]LogConfig: Setting CVar [[r.SkyAtmosphere.SampleCountMin:4.0]]
[2020.12.26-22.03.46:810][  0]LogConfig: Setting CVar [[r.SkyAtmosphere.SampleCountMax:32.0]]
[2020.12.26-22.03.46:810][  0]LogConfig: Setting CVar [[r.SkyAtmosphere.TransmittanceLUT.UseSmallFormat:0]]
[2020.12.26-22.03.46:810][  0]LogConfig: Setting CVar [[r.SkyAtmosphere.TransmittanceLUT.SampleCount:10.0]]
[2020.12.26-22.03.46:810][  0]LogConfig: Setting CVar [[r.SkyAtmosphere.MultiScatteringLUT.SampleCount:15.0]]
[2020.12.26-22.03.46:810][  0]LogConfig: Applying CVar settings from Section [FoliageQuality@3] File [C:/Users/thoma/Documents/Unreal Projects/UAV_Flight/Saved/Config/Windows/Scalability.ini]
[2020.12.26-22.03.46:810][  0]LogConfig: Setting CVar [[foliage.DensityScale:1.0]]
[2020.12.26-22.03.46:810][  0]LogConfig: Setting CVar [[grass.DensityScale:1.0]]
[2020.12.26-22.03.46:810][  0]LogConfig: Applying CVar settings from Section [ShadingQuality@3] File [C:/Users/thoma/Documents/Unreal Projects/UAV_Flight/Saved/Config/Windows/Scalability.ini]
[2020.12.26-22.03.46:810][  0]LogConfig: Setting CVar [[r.HairStrands.SkyLighting.SampleCount:16]]
[2020.12.26-22.03.46:810][  0]LogConfig: Setting CVar [[r.HairStrands.SkyLighting.JitterIntegration:0]]
[2020.12.26-22.03.46:810][  0]LogConfig: Setting CVar [[r.HairStrands.SkyAO.SampleCount:16]]
[2020.12.26-22.03.46:810][  0]LogConfig: Setting CVar [[r.HairStrands.DeepShadow.SuperSampling:0]]
[2020.12.26-22.03.46:810][  0]LogConfig: Setting CVar [[r.HairStrands.VisibilityPPLL:0]]
[2020.12.26-22.03.46:810][  0]LogConfig: Setting CVar [[r.HairStrands.RasterizationScale:0.5]]
[2020.12.26-22.03.46:810][  0]LogConfig: Setting CVar [[r.HairStrands.VelocityRasterizationScale:1]]
[2020.12.26-22.03.46:810][  0]LogInit: Selected Device Profile: [Windows]
[2020.12.26-22.03.46:810][  0]LogInit: Applying CVar settings loaded from the selected device profile: [Windows]
[2020.12.26-22.03.46:811][  0]LogHAL: Display: Platform has ~ 8 GB [8493252608 / 8589934592 / 8], which maps to Default [LargestMinGB=32, LargerMinGB=12, DefaultMinGB=8, SmallerMinGB=6, SmallestMinGB=0)
[2020.12.26-22.03.46:811][  0]LogInit: Going up to parent DeviceProfile []
[2020.12.26-22.03.46:811][  0]LogConfig: Applying CVar settings from Section [ViewDistanceQuality@3] File [C:/Users/thoma/Documents/Unreal Projects/UAV_Flight/Saved/Config/Windows/Scalability.ini]
[2020.12.26-22.03.46:811][  0]LogConfig: Setting CVar [[r.SkeletalMeshLODBias:0]]
[2020.12.26-22.03.46:811][  0]LogConfig: Setting CVar [[r.ViewDistanceScale:1.0]]
[2020.12.26-22.03.46:811][  0]LogConfig: Applying CVar settings from Section [AntiAliasingQuality@3] File [C:/Users/thoma/Documents/Unreal Projects/UAV_Flight/Saved/Config/Windows/Scalability.ini]
[2020.12.26-22.03.46:811][  0]LogConfig: Setting CVar [[r.PostProcessAAQuality:4]]
[2020.12.26-22.03.46:811][  0]LogConfig: Applying CVar settings from Section [ShadowQuality@3] File [C:/Users/thoma/Documents/Unreal Projects/UAV_Flight/Saved/Config/Windows/Scalability.ini]
[2020.12.26-22.03.46:811][  0]LogConfig: Setting CVar [[r.LightFunctionQuality:1]]
[2020.12.26-22.03.46:811][  0]LogConfig: Setting CVar [[r.ShadowQuality:5]]
[2020.12.26-22.03.46:811][  0]LogConfig: Setting CVar [[r.Shadow.CSM.MaxCascades:10]]
[2020.12.26-22.03.46:811][  0]LogConfig: Setting CVar [[r.Shadow.MaxResolution:2048]]
[2020.12.26-22.03.46:811][  0]LogConfig: Setting CVar [[r.Shadow.MaxCSMResolution:2048]]
[2020.12.26-22.03.46:811][  0]LogConfig: Setting CVar [[r.Shadow.RadiusThreshold:0.01]]
[2020.12.26-22.03.46:811][  0]LogConfig: Setting CVar [[r.Shadow.DistanceScale:1.0]]
[2020.12.26-22.03.46:811][  0]LogConfig: Setting CVar [[r.Shadow.CSM.TransitionScale:1.0]]
[2020.12.26-22.03.46:811][  0]LogConfig: Setting CVar [[r.Shadow.PreShadowResolutionFactor:1.0]]
[2020.12.26-22.03.46:811][  0]LogConfig: Setting CVar [[r.DistanceFieldShadowing:1]]
[2020.12.26-22.03.46:811][  0]LogConfig: Setting CVar [[r.DistanceFieldAO:1]]
[2020.12.26-22.03.46:811][  0]LogConfig: Setting CVar [[r.AOQuality:2]]
[2020.12.26-22.03.46:811][  0]LogConfig: Setting CVar [[r.VolumetricFog:1]]
[2020.12.26-22.03.46:811][  0]LogConfig: Setting CVar [[r.VolumetricFog.GridPixelSize:8]]
[2020.12.26-22.03.46:811][  0]LogConfig: Setting CVar [[r.VolumetricFog.GridSizeZ:128]]
[2020.12.26-22.03.46:811][  0]LogConfig: Setting CVar [[r.VolumetricFog.HistoryMissSupersampleCount:4]]
[2020.12.26-22.03.46:811][  0]LogConfig: Setting CVar [[r.LightMaxDrawDistanceScale:1]]
[2020.12.26-22.03.46:811][  0]LogConfig: Setting CVar [[r.CapsuleShadows:1]]
[2020.12.26-22.03.46:811][  0]LogConfig: Applying CVar settings from Section [PostProcessQuality@3] File [C:/Users/thoma/Documents/Unreal Projects/UAV_Flight/Saved/Config/Windows/Scalability.ini]
[2020.12.26-22.03.46:811][  0]LogConfig: Setting CVar [[r.MotionBlurQuality:4]]
[2020.12.26-22.03.46:811][  0]LogConfig: Setting CVar [[r.AmbientOcclusionMipLevelFactor:0.4]]
[2020.12.26-22.03.46:811][  0]LogConfig: Setting CVar [[r.AmbientOcclusionMaxQuality:100]]
[2020.12.26-22.03.46:811][  0]LogConfig: Setting CVar [[r.AmbientOcclusionLevels:-1]]
[2020.12.26-22.03.46:811][  0]LogConfig: Setting CVar [[r.AmbientOcclusionRadiusScale:1.0]]
[2020.12.26-22.03.46:811][  0]LogConfig: Setting CVar [[r.DepthOfFieldQuality:2]]
[2020.12.26-22.03.46:811][  0]LogConfig: Setting CVar [[r.RenderTargetPoolMin:400]]
[2020.12.26-22.03.46:811][  0]LogConfig: Setting CVar [[r.LensFlareQuality:2]]
[2020.12.26-22.03.46:811][  0]LogConfig: Setting CVar [[r.SceneColorFringeQuality:1]]
[2020.12.26-22.03.46:811][  0]LogConfig: Setting CVar [[r.EyeAdaptationQuality:2]]
[2020.12.26-22.03.46:811][  0]LogConfig: Setting CVar [[r.BloomQuality:5]]
[2020.12.26-22.03.46:811][  0]LogConfig: Setting CVar [[r.FastBlurThreshold:100]]
[2020.12.26-22.03.46:811][  0]LogConfig: Setting CVar [[r.Upscale.Quality:3]]
[2020.12.26-22.03.46:811][  0]LogConfig: Setting CVar [[r.Tonemapper.GrainQuantization:1]]
[2020.12.26-22.03.46:811][  0]LogConfig: Setting CVar [[r.LightShaftQuality:1]]
[2020.12.26-22.03.46:811][  0]LogConfig: Setting CVar [[r.Filter.SizeScale:1]]
[2020.12.26-22.03.46:811][  0]LogConfig: Setting CVar [[r.Tonemapper.Quality:5]]
[2020.12.26-22.03.46:811][  0]LogConfig: Setting CVar [[r.DOF.Gather.AccumulatorQuality:1        ; higher gathering accumulator quality]]
[2020.12.26-22.03.46:811][  0]LogConfig: Setting CVar [[r.DOF.Gather.PostfilterMethod:1          ; Median3x3 postfilering method]]
[2020.12.26-22.03.46:811][  0]LogConfig: Setting CVar [[r.DOF.Gather.EnableBokehSettings:0       ; no bokeh simulation when gathering]]
[2020.12.26-22.03.46:811][  0]LogConfig: Setting CVar [[r.DOF.Gather.RingCount:4                 ; medium number of samples when gathering]]
[2020.12.26-22.03.46:811][  0]LogConfig: Setting CVar [[r.DOF.Scatter.ForegroundCompositing:1    ; additive foreground scattering]]
[2020.12.26-22.03.46:811][  0]LogConfig: Setting CVar [[r.DOF.Scatter.BackgroundCompositing:2    ; additive background scattering]]
[2020.12.26-22.03.46:811][  0]LogConfig: Setting CVar [[r.DOF.Scatter.EnableBokehSettings:1      ; bokeh simulation when scattering]]
[2020.12.26-22.03.46:811][  0]LogConfig: Setting CVar [[r.DOF.Scatter.MaxSpriteRatio:0.1         ; only a maximum of 10% of scattered bokeh]]
[2020.12.26-22.03.46:811][  0]LogConfig: Setting CVar [[r.DOF.Recombine.Quality:1                ; cheap slight out of focus]]
[2020.12.26-22.03.46:811][  0]LogConfig: Setting CVar [[r.DOF.Recombine.EnableBokehSettings:0    ; no bokeh simulation on slight out of focus]]
[2020.12.26-22.03.46:811][  0]LogConfig: Setting CVar [[r.DOF.TemporalAAQuality:1                ; more stable temporal accumulation]]
[2020.12.26-22.03.46:811][  0]LogConfig: Setting CVar [[r.DOF.Kernel.MaxForegroundRadius:0.025]]
[2020.12.26-22.03.46:811][  0]LogConfig: Setting CVar [[r.DOF.Kernel.MaxBackgroundRadius:0.025]]
[2020.12.26-22.03.46:811][  0]LogConfig: Applying CVar settings from Section [TextureQuality@3] File [C:/Users/thoma/Documents/Unreal Projects/UAV_Flight/Saved/Config/Windows/Scalability.ini]
[2020.12.26-22.03.46:811][  0]LogConfig: Setting CVar [[r.Streaming.MipBias:0]]
[2020.12.26-22.03.46:811][  0]LogConfig: Setting CVar [[r.Streaming.AmortizeCPUToGPUCopy:0]]
[2020.12.26-22.03.46:811][  0]LogConfig: Setting CVar [[r.Streaming.MaxNumTexturesToStreamPerFrame:0]]
[2020.12.26-22.03.46:811][  0]LogConfig: Setting CVar [[r.Streaming.Boost:1]]
[2020.12.26-22.03.46:811][  0]LogConfig: Setting CVar [[r.MaxAnisotropy:8]]
[2020.12.26-22.03.46:811][  0]LogConfig: Setting CVar [[r.VT.MaxAnisotropy:8]]
[2020.12.26-22.03.46:811][  0]LogConfig: Setting CVar [[r.Streaming.LimitPoolSizeToVRAM:0]]
[2020.12.26-22.03.46:811][  0]LogConfig: Setting CVar [[r.Streaming.PoolSize:1000]]
[2020.12.26-22.03.46:811][  0]LogConfig: Setting CVar [[r.Streaming.MaxEffectiveScreenSize:0]]
[2020.12.26-22.03.46:811][  0]LogConfig: Applying CVar settings from Section [EffectsQuality@3] File [C:/Users/thoma/Documents/Unreal Projects/UAV_Flight/Saved/Config/Windows/Scalability.ini]
[2020.12.26-22.03.46:811][  0]LogConfig: Setting CVar [[r.TranslucencyLightingVolumeDim:64]]
[2020.12.26-22.03.46:811][  0]LogConfig: Setting CVar [[r.RefractionQuality:2]]
[2020.12.26-22.03.46:811][  0]LogConfig: Setting CVar [[r.SSR.Quality:3]]
[2020.12.26-22.03.46:811][  0]LogConfig: Setting CVar [[r.SSR.HalfResSceneColor:0]]
[2020.12.26-22.03.46:811][  0]LogConfig: Setting CVar [[r.SceneColorFormat:4]]
[2020.12.26-22.03.46:811][  0]LogConfig: Setting CVar [[r.DetailMode:2]]
[2020.12.26-22.03.46:811][  0]LogConfig: Setting CVar [[r.TranslucencyVolumeBlur:1]]
[2020.12.26-22.03.46:811][  0]LogConfig: Setting CVar [[r.MaterialQualityLevel:1 ; High quality]]
[2020.12.26-22.03.46:811][  0]LogConfig: Setting CVar [[r.SSS.Scale:1]]
[2020.12.26-22.03.46:811][  0]LogConfig: Setting CVar [[r.SSS.SampleSet:2]]
[2020.12.26-22.03.46:811][  0]LogConfig: Setting CVar [[r.SSS.Quality:1]]
[2020.12.26-22.03.46:811][  0]LogConfig: Setting CVar [[r.SSS.HalfRes:0]]
[2020.12.26-22.03.46:811][  0]LogConfig: Setting CVar [[r.SSGI.Quality:3]]
[2020.12.26-22.03.46:811][  0]LogConfig: Setting CVar [[r.EmitterSpawnRateScale:1.0]]
[2020.12.26-22.03.46:811][  0]LogConfig: Setting CVar [[r.ParticleLightQuality:2]]
[2020.12.26-22.03.46:811][  0]LogConfig: Setting CVar [[r.SkyAtmosphere.AerialPerspectiveLUT.FastApplyOnOpaque:1 ; Always have FastSkyLUT 1 in this case to avoid wrong sky]]
[2020.12.26-22.03.46:811][  0]LogConfig: Setting CVar [[r.SkyAtmosphere.AerialPerspectiveLUT.SampleCountPerSlice:1]]
[2020.12.26-22.03.46:811][  0]LogConfig: Setting CVar [[r.SkyAtmosphere.AerialPerspectiveLUT.DepthResolution:16.0]]
[2020.12.26-22.03.46:811][  0]LogConfig: Setting CVar [[r.SkyAtmosphere.FastSkyLUT:1]]
[2020.12.26-22.03.46:811][  0]LogConfig: Setting CVar [[r.SkyAtmosphere.FastSkyLUT.SampleCountMin:4.0]]
[2020.12.26-22.03.46:811][  0]LogConfig: Setting CVar [[r.SkyAtmosphere.FastSkyLUT.SampleCountMax:32.0]]
[2020.12.26-22.03.46:811][  0]LogConfig: Setting CVar [[r.SkyAtmosphere.SampleCountMin:4.0]]
[2020.12.26-22.03.46:811][  0]LogConfig: Setting CVar [[r.SkyAtmosphere.SampleCountMax:32.0]]
[2020.12.26-22.03.46:811][  0]LogConfig: Setting CVar [[r.SkyAtmosphere.TransmittanceLUT.UseSmallFormat:0]]
[2020.12.26-22.03.46:811][  0]LogConfig: Setting CVar [[r.SkyAtmosphere.TransmittanceLUT.SampleCount:10.0]]
[2020.12.26-22.03.46:811][  0]LogConfig: Setting CVar [[r.SkyAtmosphere.MultiScatteringLUT.SampleCount:15.0]]
[2020.12.26-22.03.46:811][  0]LogConfig: Applying CVar settings from Section [FoliageQuality@3] File [C:/Users/thoma/Documents/Unreal Projects/UAV_Flight/Saved/Config/Windows/Scalability.ini]
[2020.12.26-22.03.46:811][  0]LogConfig: Setting CVar [[foliage.DensityScale:1.0]]
[2020.12.26-22.03.46:811][  0]LogConfig: Setting CVar [[grass.DensityScale:1.0]]
[2020.12.26-22.03.46:811][  0]LogConfig: Applying CVar settings from Section [ShadingQuality@3] File [C:/Users/thoma/Documents/Unreal Projects/UAV_Flight/Saved/Config/Windows/Scalability.ini]
[2020.12.26-22.03.46:811][  0]LogConfig: Setting CVar [[r.HairStrands.SkyLighting.SampleCount:16]]
[2020.12.26-22.03.46:811][  0]LogConfig: Setting CVar [[r.HairStrands.SkyLighting.JitterIntegration:0]]
[2020.12.26-22.03.46:811][  0]LogConfig: Setting CVar [[r.HairStrands.SkyAO.SampleCount:16]]
[2020.12.26-22.03.46:811][  0]LogConfig: Setting CVar [[r.HairStrands.DeepShadow.SuperSampling:0]]
[2020.12.26-22.03.46:811][  0]LogConfig: Setting CVar [[r.HairStrands.VisibilityPPLL:0]]
[2020.12.26-22.03.46:812][  0]LogConfig: Setting CVar [[r.HairStrands.RasterizationScale:0.5]]
[2020.12.26-22.03.46:812][  0]LogConfig: Setting CVar [[r.HairStrands.VelocityRasterizationScale:1]]
[2020.12.26-22.03.46:812][  0]LogConfig: Applying CVar settings from Section [Startup] File [../../../Engine/Config/ConsoleVariables.ini]
[2020.12.26-22.03.46:812][  0]LogConfig: Setting CVar [[net.UseAdaptiveNetUpdateFrequency:0]]
[2020.12.26-22.03.46:812][  0]LogConfig: Setting CVar [[p.chaos.AllowCreatePhysxBodies:1]]
[2020.12.26-22.03.46:812][  0]LogConfig: Setting CVar [[fx.SkipVectorVMBackendOptimizations:1]]
[2020.12.26-22.03.46:812][  0]LogConfig: Applying CVar settings from Section [ConsoleVariables] File [C:/Users/thoma/Documents/Unreal Projects/UAV_Flight/Saved/Config/Windows/Engine.ini]
[2020.12.26-22.03.46:812][  0]LogInit: Computer: LAPTOP-J15TCBBL
[2020.12.26-22.03.46:812][  0]LogInit: User: thoma
[2020.12.26-22.03.46:812][  0]LogInit: CPU Page size=4096, Cores=6
[2020.12.26-22.03.46:812][  0]LogInit: High frequency timer resolution =10.000000 MHz
[2020.12.26-22.03.46:812][  0]LogMemory: Memory total: Physical=7.9GB (8GB approx)
[2020.12.26-22.03.46:812][  0]LogMemory: Platform Memory Stats for Windows
[2020.12.26-22.03.46:812][  0]LogMemory: Process Physical Memory: 115.40 MB used, 115.41 MB peak
[2020.12.26-22.03.46:812][  0]LogMemory: Process Virtual Memory: 97.27 MB used, 97.27 MB peak
[2020.12.26-22.03.46:812][  0]LogMemory: Physical Memory: 6848.70 MB used,  1251.10 MB free, 8099.80 MB total
[2020.12.26-22.03.46:812][  0]LogMemory: Virtual Memory: 5166.68 MB used,  134212560.00 MB free, 134217728.00 MB total
[2020.12.26-22.03.46:818][  0]LogWindows: WindowsPlatformFeatures enabled
[2020.12.26-22.03.46:872][  0]LogInit: Physics initialised using underlying interface: PhysX
[2020.12.26-22.03.46:874][  0]LogInit: Using OS detected language (en-US).
[2020.12.26-22.03.46:874][  0]LogInit: Using OS detected locale (en-US).
[2020.12.26-22.03.46:877][  0]LogTextLocalizationManager: No specific localization for 'en-US' exists, so the 'en' localization will be used.
[2020.12.26-22.03.47:131][  0]LogInit: Setting process to per monitor DPI aware
[2020.12.26-22.03.47:158][  0]LogSlate: New Slate User Created.  User Index 0, Is Virtual User: 0
[2020.12.26-22.03.47:158][  0]LogSlate: Slate User Registered.  User Index 0, Is Virtual User: 0
[2020.12.26-22.03.47:400][  0]LogHMD: Failed to initialize OpenVR with code 110
[2020.12.26-22.03.47:400][  0]LogD3D11RHI: D3D11 min allowed feature level: 11_0
[2020.12.26-22.03.47:400][  0]LogD3D11RHI: D3D11 max allowed feature level: 11_0
[2020.12.26-22.03.47:400][  0]LogD3D11RHI: D3D11 adapters:
[2020.12.26-22.03.47:511][  0]LogD3D11RHI:    0. 'NVIDIA GeForce GTX 1660 Ti' (Feature Level 11_0)
[2020.12.26-22.03.47:511][  0]LogD3D11RHI:       5991/0/4049 MB DedicatedVideo/DedicatedSystem/SharedSystem, Outputs:1, VendorId:0x10de
[2020.12.26-22.03.47:515][  0]LogD3D11RHI:    1. 'Microsoft Basic Render Driver' (Feature Level 11_0)
[2020.12.26-22.03.47:515][  0]LogD3D11RHI:       0/0/4049 MB DedicatedVideo/DedicatedSystem/SharedSystem, Outputs:0, VendorId:0x1414
[2020.12.26-22.03.47:515][  0]LogD3D11RHI: Chosen D3D11 Adapter: 0
[2020.12.26-22.03.47:527][  0]LogD3D11RHI: Creating new Direct3DDevice
[2020.12.26-22.03.47:527][  0]LogD3D11RHI:     GPU DeviceId: 0x2191 (for the marketing name, search the web for "GPU Device Id")
[2020.12.26-22.03.47:527][  0]LogWindows: EnumDisplayDevices:
[2020.12.26-22.03.47:527][  0]LogWindows:    0. 'NVIDIA GeForce GTX 1660 Ti' (P:1 D:1)
[2020.12.26-22.03.47:527][  0]LogWindows:    1. 'NVIDIA GeForce GTX 1660 Ti' (P:0 D:0)
[2020.12.26-22.03.47:527][  0]LogWindows:    2. 'NVIDIA GeForce GTX 1660 Ti' (P:0 D:0)
[2020.12.26-22.03.47:528][  0]LogWindows:    3. 'NVIDIA GeForce GTX 1660 Ti' (P:0 D:0)
[2020.12.26-22.03.47:528][  0]LogWindows: DebugString: FoundDriverCount:4 
[2020.12.26-22.03.47:528][  0]LogD3D11RHI:     Adapter Name: NVIDIA GeForce GTX 1660 Ti
[2020.12.26-22.03.47:528][  0]LogD3D11RHI:   Driver Version: 452.11 (internal:27.21.14.5211, unified:452.11)
[2020.12.26-22.03.47:528][  0]LogD3D11RHI:      Driver Date: 8-18-2020
[2020.12.26-22.03.47:528][  0]LogRHI: Texture pool is 4193 MB (70% of 5991 MB)
[2020.12.26-22.03.47:590][  0]LogD3D11RHI: RHI has support for 64 bit atomics
[2020.12.26-22.03.47:590][  0]LogD3D11RHI: Async texture creation enabled
[2020.12.26-22.03.47:590][  0]LogD3D11RHI: Array index from any shader is supported
[2020.12.26-22.03.47:606][  0]LogD3D11RHI: GPU Timing Frequency: 1000.000000 (Debug: 2 1)
[2020.12.26-22.03.47:931][  0]LogTargetPlatformManager: Display: Loaded TargetPlatform 'AllDesktop'
[2020.12.26-22.03.47:954][  0]LogTargetPlatformManager: Display: Loaded TargetPlatform 'Android'
[2020.12.26-22.03.47:954][  0]LogTargetPlatformManager: Display: Loaded TargetPlatform 'Android_ASTC'
[2020.12.26-22.03.47:954][  0]LogTargetPlatformManager: Display: Loaded TargetPlatform 'Android_DXT'
[2020.12.26-22.03.47:954][  0]LogTargetPlatformManager: Display: Loaded TargetPlatform 'Android_ETC2'
[2020.12.26-22.03.47:954][  0]LogTargetPlatformManager: Display: Loaded TargetPlatform 'AndroidClient'
[2020.12.26-22.03.47:954][  0]LogTargetPlatformManager: Display: Loaded TargetPlatform 'Android_ASTCClient'
[2020.12.26-22.03.47:954][  0]LogTargetPlatformManager: Display: Loaded TargetPlatform 'Android_DXTClient'
[2020.12.26-22.03.47:954][  0]LogTargetPlatformManager: Display: Loaded TargetPlatform 'Android_ETC2Client'
[2020.12.26-22.03.47:954][  0]LogTargetPlatformManager: Display: Loaded TargetPlatform 'Android_Multi'
[2020.12.26-22.03.47:954][  0]LogTargetPlatformManager: Display: Loaded TargetPlatform 'Android_MultiClient'
[2020.12.26-22.03.47:981][  0]LogTargetPlatformManager: Display: Loaded TargetPlatform 'IOSClient'
[2020.12.26-22.03.47:981][  0]LogTargetPlatformManager: Display: Loaded TargetPlatform 'IOS'
[2020.12.26-22.03.47:994][  0]LogTargetPlatformManager: Display: Loaded TargetPlatform 'Linux'
[2020.12.26-22.03.48:004][  0]LogTargetPlatformManager: Display: Loaded TargetPlatform 'LinuxNoEditor'
[2020.12.26-22.03.48:014][  0]LogTargetPlatformManager: Display: Loaded TargetPlatform 'LinuxClient'
[2020.12.26-22.03.48:025][  0]LogTargetPlatformManager: Display: Loaded TargetPlatform 'LinuxServer'
[2020.12.26-22.03.48:036][  0]LogTargetPlatformManager: Display: Loaded TargetPlatform 'LinuxAArch64NoEditor'
[2020.12.26-22.03.48:047][  0]LogTargetPlatformManager: Display: Loaded TargetPlatform 'LinuxAArch64Client'
[2020.12.26-22.03.48:059][  0]LogTargetPlatformManager: Display: Loaded TargetPlatform 'LinuxAArch64Server'
[2020.12.26-22.03.48:087][  0]LogTargetPlatformManager: Display: Loaded TargetPlatform 'Lumin'
[2020.12.26-22.03.48:087][  0]LogTargetPlatformManager: Display: Loaded TargetPlatform 'LuminClient'
[2020.12.26-22.03.48:104][  0]LogTargetPlatformManager: Display: Loaded TargetPlatform 'TVOSClient'
[2020.12.26-22.03.48:104][  0]LogTargetPlatformManager: Display: Loaded TargetPlatform 'TVOS'
[2020.12.26-22.03.48:115][  0]LogTargetPlatformManager: Display: Loaded TargetPlatform 'WindowsNoEditor'
[2020.12.26-22.03.48:126][  0]LogTargetPlatformManager: Display: Loaded TargetPlatform 'Windows'
[2020.12.26-22.03.48:137][  0]LogTargetPlatformManager: Display: Loaded TargetPlatform 'WindowsClient'
[2020.12.26-22.03.48:147][  0]LogTargetPlatformManager: Display: Loaded TargetPlatform 'WindowsServer'
[2020.12.26-22.03.48:147][  0]LogTargetPlatformManager: Display: Building Assets For Windows
[2020.12.26-22.03.48:159][  0]LogAudioDebug: Display: Lib vorbis DLL was dynamically loaded.
[2020.12.26-22.03.48:244][  0]LogShaderCompilers: Guid format shader working directory is -21 characters bigger than the processId version (../../../../../../Users/thoma/Documents/Unreal Projects/UAV_Flight/Intermediate/Shaders/WorkingDirectory/27012/).
[2020.12.26-22.03.48:245][  0]LogShaderCompilers: Cleaned the shader compiler working directory 'C:/Users/thoma/AppData/Local/Temp/UnrealShaderWorkingDir/EE306B0547E33BB069A02481BEE88F2E/'.
[2020.12.26-22.03.48:246][  0]LogXGEController: Cannot use XGE Controller as Incredibuild is not installed on this machine.
[2020.12.26-22.03.48:246][  0]LogShaderCompilers: Cannot use XGE Shader Compiler as Incredibuild is not installed on this machine.
[2020.12.26-22.03.48:246][  0]LogShaderCompilers: Display: Using Local Shader Compiler.
[2020.12.26-22.03.49:077][  0]LogDerivedDataCache: Display: Max Cache Size: 512 MB
[2020.12.26-22.03.49:164][  0]LogDerivedDataCache: Loaded boot cache 0.09s 77MB C:/Users/thoma/AppData/Local/UnrealEngine/4.25/DerivedDataCache/Boot.ddc.
[2020.12.26-22.03.49:164][  0]LogDerivedDataCache: Display: Loaded Boot cache: C:/Users/thoma/AppData/Local/UnrealEngine/4.25/DerivedDataCache/Boot.ddc
[2020.12.26-22.03.49:164][  0]LogDerivedDataCache: FDerivedDataBackendGraph:  Pak pak cache file ../../../../../../Users/thoma/Documents/Unreal Projects/UAV_Flight/DerivedDataCache/DDC.ddp not found, will not use a pak cache.
[2020.12.26-22.03.49:164][  0]LogDerivedDataCache: Unable to find inner node Pak for hierarchical cache Hierarchy.
[2020.12.26-22.03.49:164][  0]LogDerivedDataCache: FDerivedDataBackendGraph:  CompressedPak pak cache file ../../../../../../Users/thoma/Documents/Unreal Projects/UAV_Flight/DerivedDataCache/Compressed.ddp not found, will not use a pak cache.
[2020.12.26-22.03.49:164][  0]LogDerivedDataCache: Unable to find inner node CompressedPak for hierarchical cache Hierarchy.
[2020.12.26-22.03.49:173][  0]LogDerivedDataCache: Display: Pak cache opened for reading ../../../Engine/DerivedDataCache/Compressed.ddp.
[2020.12.26-22.03.49:173][  0]LogDerivedDataCache: FDerivedDataBackendGraph:  EnterprisePak pak cache file ../../../Enterprise/DerivedDataCache/Compressed.ddp not found, will not use a pak cache.
[2020.12.26-22.03.49:173][  0]LogDerivedDataCache: Unable to find inner node EnterprisePak for hierarchical cache Hierarchy.
[2020.12.26-22.03.49:174][  0]LogDerivedDataCache: Using Local data cache path C:/Users/thoma/AppData/Local/UnrealEngine/Common/DerivedDataCache: Writable
[2020.12.26-22.03.49:174][  0]LogDerivedDataCache: Shared data cache path not found in *engine.ini, will not use an Shared cache.
[2020.12.26-22.03.49:174][  0]LogDerivedDataCache: Unable to find inner node Shared for hierarchical cache Hierarchy.
[2020.12.26-22.03.49:216][  0]LogSlate: Using FreeType 2.10.0
[2020.12.26-22.03.49:217][  0]LogSlate: SlateFontServices - WITH_FREETYPE: 1, WITH_HARFBUZZ: 1
[2020.12.26-22.03.49:246][  0]LogAssetRegistry: FAssetRegistry took 0.0023 seconds to start up
[2020.12.26-22.03.49:442][  0]LogInit: Selected Device Profile: [Windows]
[2020.12.26-22.03.49:554][  0]LogMeshReduction: Using QuadricMeshReduction for automatic static mesh reduction
[2020.12.26-22.03.49:554][  0]LogMeshReduction: Using SimplygonMeshReduction for automatic skeletal mesh reduction
[2020.12.26-22.03.49:554][  0]LogMeshReduction: Using ProxyLODMeshReduction for automatic mesh merging
[2020.12.26-22.03.49:554][  0]LogMeshReduction: No distributed automatic mesh merging module available
[2020.12.26-22.03.49:554][  0]LogMeshMerging: No distributed automatic mesh merging module available
[2020.12.26-22.03.49:570][  0]LogNetVersion: UAV_Flight 1.0.0, NetCL: 13144385, EngineNetVer: 14, GameNetVer: 0 (Checksum: 3236702636)
[2020.12.26-22.03.49:989][  0]LogAISub: UAISubsystem::UAISubsystem AISubsystem (000001B659BCC340), frame # 0
[2020.12.26-22.03.49:989][  0]LogAISub: UAISubsystem::UAISubsystem AIPerceptionSystem (000001B659B02AC0), frame # 0
[2020.12.26-22.03.49:990][  0]LogAISub: UAISubsystem::UAISubsystem EnvQueryManager (000001B659B45E00), frame # 0
[2020.12.26-22.03.50:034][  0]LogPackageLocalizationCache: Processed 19 localized package path(s) for 1 prioritized culture(s) in 0.039659 seconds
[2020.12.26-22.03.50:038][  0]LogUObjectArray: 15917 objects as part of root set at end of initial load.
[2020.12.26-22.03.50:038][  0]LogUObjectAllocator: 3965568 out of 0 bytes used by permanent object pool.
[2020.12.26-22.03.50:038][  0]LogUObjectArray: CloseDisregardForGC: 0/0 objects in disregard for GC pool
[2020.12.26-22.03.50:440][  0]LogTcpMessaging: Initializing TcpMessaging bridge
[2020.12.26-22.03.50:445][  0]LogUdpMessaging: Initializing bridge on interface 0.0.0.0:0 to multicast group 230.0.0.1:6666.
[2020.12.26-22.03.50:546][  0]SourceControl: Source control is disabled
[2020.12.26-22.03.50:546][  0]SourceControl: Source control is disabled
[2020.12.26-22.03.50:551][  0]SourceControl: Source control is disabled
[2020.12.26-22.03.50:555][  0]SourceControl: Source control is disabled
[2020.12.26-22.03.50:565][  0]SourceControl: Source control is disabled
[2020.12.26-22.03.50:899][  0]LogAndroidPermission: UAndroidPermissionCallbackProxy::GetInstance
[2020.12.26-22.03.50:925][  0]LogAudioCaptureCore: Display: No Audio Capture implementations found. Audio input will be silent.
[2020.12.26-22.03.50:925][  0]LogAudioCaptureCore: Display: No Audio Capture implementations found. Audio input will be silent.
[2020.12.26-22.03.50:987][  0]LogOcInput: OculusInput pre-init called
[2020.12.26-22.03.51:001][  0]LogWindows: Failed to load 'OVRPlugin.dll' (GetLastError=126)
[2020.12.26-22.03.51:001][  0]LogWindows: File 'OVRPlugin.dll' does not exist
[2020.12.26-22.03.51:072][  0]LogEngine: Initializing Engine...
[2020.12.26-22.03.51:074][  0]LogHMD: Failed to initialize OpenVR with code 110
[2020.12.26-22.03.51:074][  0]LogMagicLeap: Warning: VR disabled because ZI is not enabled.  To enable, in the editor, Edit -> Project Settings -> Plugins -> Magic Leap Plugin -> Enable Zero Iteration
[2020.12.26-22.03.51:074][  0]LogStats: UGameplayTagsManager::InitializeManager -  0.000 s
[2020.12.26-22.03.51:228][  0]LogInit: Initializing FReadOnlyCVARCache
[2020.12.26-22.03.51:240][  0]LogAIModule: Creating AISystem for world Untitled
[2020.12.26-22.03.51:240][  0]LogAISub: UAISubsystem::UAISubsystem EnvQueryManager (000001B65C7D8600), frame # 0
[2020.12.26-22.03.51:240][  0]LogAISub: UAISubsystem::UAISubsystem AIPerceptionSystem (000001B65C7C5D00), frame # 0
[2020.12.26-22.03.51:259][  0]LogAudioMixer: Display: Audio Mixer Platform Settings:
[2020.12.26-22.03.51:259][  0]LogAudioMixer: Display: 	Sample Rate:						  48000
[2020.12.26-22.03.51:259][  0]LogAudioMixer: Display: 	Callback Buffer Frame Size Requested: 1024
[2020.12.26-22.03.51:259][  0]LogAudioMixer: Display: 	Callback Buffer Frame Size To Use:	  1024
[2020.12.26-22.03.51:259][  0]LogAudioMixer: Display: 	Number of buffers to queue:			  2
[2020.12.26-22.03.51:259][  0]LogAudioMixer: Display: 	Max Channels (voices):				  32
[2020.12.26-22.03.51:259][  0]LogAudioMixer: Display: 	Number of Async Source Workers:		  0
[2020.12.26-22.03.51:259][  0]LogAudio: Display: AudioDevice MaxSources: 32
[2020.12.26-22.03.51:259][  0]LogAudio: Display: Using built-in audio occlusion.
[2020.12.26-22.03.51:259][  0]LogAudioMixer: Display: Initializing audio mixer.
[2020.12.26-22.03.51:272][  0]LogAudioMixer: Display: 0: FrontLeft
[2020.12.26-22.03.51:272][  0]LogAudioMixer: Display: 1: FrontRight
[2020.12.26-22.03.51:473][  0]LogAudioMixer: Display: Using Audio Device Speakers (Realtek(R) Audio)
[2020.12.26-22.03.51:478][  0]LogAudioMixer: Display: Initializing Sound Submixes...
[2020.12.26-22.03.51:481][  0]LogAudioMixer: Display: Creating Master Submix 'MasterSubmixDefault'
[2020.12.26-22.03.51:481][  0]LogAudioMixer: Display: Creating Master Submix 'MasterReverbSubmixDefault'
[2020.12.26-22.03.51:482][  0]LogAudioMixer: Display: Creating Master Submix 'MasterEQSubmixDefault'
[2020.12.26-22.03.51:483][  0]LogInit: FAudioDevice initialized.
[2020.12.26-22.03.51:483][  0]LogNetVersion: Set ProjectVersion to 1.0.0.0. Version Checksum will be recalculated on next use.
[2020.12.26-22.03.51:537][  0]LogDerivedDataCache: Saved boot cache 0.05s 75MB C:/Users/thoma/AppData/Local/UnrealEngine/4.25/DerivedDataCache/Boot.ddc.
[2020.12.26-22.03.51:538][  0]LogInit: Texture streaming: Enabled
[2020.12.26-22.03.51:557][  0]LogEngineSessionManager: EngineSessionManager initialized
[2020.12.26-22.03.51:557][  0]LogEditorSessionSummary: Verbose: Initializing EditorSessionSummaryWriter for editor session tracking
[2020.12.26-22.03.51:575][  0]LogEditorSessionSummary: EditorSessionSummaryWriter initialized
[2020.12.26-22.03.51:627][  0]LogInit: Transaction tracking system initialized
[2020.12.26-22.03.51:653][  0]BlueprintLog: New page: Editor Load
[2020.12.26-22.03.51:730][  0]LocalizationService: Localization service is disabled
[2020.12.26-22.03.51:883][  0]LogCook: Display: Max memory allowance for cook 16384mb min free memory 0mb
[2020.12.26-22.03.51:883][  0]LogCook: Display: Mobile HDR setting 1
[2020.12.26-22.03.52:024][  0]LogFileCache: Scanning file cache for directory 'C:/Users/thoma/Documents/Unreal Projects/UAV_Flight/Content/' took 0.01s
[2020.12.26-22.03.52:230][  0]SourceControl: Source control is disabled
[2020.12.26-22.03.52:230][  0]LogUnrealEdMisc: Loading editor; pre map load, took 7.941
[2020.12.26-22.03.52:230][  0]Cmd: MAP LOAD FILE="../../../../../../Users/thoma/Documents/Unreal Projects/UAV_Flight/Content/FirstPersonBP/Maps/FirstPersonExampleMap.umap" TEMPLATE=0 SHOWPROGRESS=1 FEATURELEVEL=3
[2020.12.26-22.03.52:231][  0]LightingResults: New page: Lighting Build
[2020.12.26-22.03.52:232][  0]LogWorld: UWorld::CleanupWorld for Untitled, bSessionEnded=true, bCleanupResources=true
[2020.12.26-22.03.52:232][  0]LogSlate: InvalidateAllWidgets triggered.  All widgets were invalidated
[2020.12.26-22.03.52:232][  0]MapCheck: New page: Map Check
[2020.12.26-22.03.52:232][  0]LightingResults: New page: Lighting Build
[2020.12.26-22.03.52:241][  0]LogAISub: UAISubsystem::~UAISubsystem EnvQueryManager (000001B65C7D8600), frame # 0
[2020.12.26-22.03.52:241][  0]LogAISub: UAISubsystem::~UAISubsystem AIPerceptionSystem (000001B65C7C5D00), frame # 0
[2020.12.26-22.03.52:242][  0]LogUObjectHash: Compacting FUObjectHashTables data took   0.62ms
[2020.12.26-22.03.52:544][  0]LogAIModule: Creating AISystem for world FirstPersonExampleMap
[2020.12.26-22.03.52:544][  0]LogAISub: UAISubsystem::UAISubsystem EnvQueryManager (000001B64C78E400), frame # 0
[2020.12.26-22.03.52:544][  0]LogAISub: UAISubsystem::UAISubsystem AIPerceptionSystem (000001B64C809F80), frame # 0
[2020.12.26-22.03.52:571][  0]LogEditorServer: Finished looking for orphan Actors (0.000 secs)
[2020.12.26-22.03.52:582][  0]LogUObjectHash: Compacting FUObjectHashTables data took   0.64ms
[2020.12.26-22.03.52:582][  0]Cmd: MAP CHECKDEP NOCLEARLOG
[2020.12.26-22.03.52:583][  0]MapCheck: Map check complete: 0 Error(s), 0 Warning(s), took 0.177ms to complete.
[2020.12.26-22.03.52:583][  0]LogFileHelpers: Loading map 'FirstPersonExampleMap' took 0.353
[2020.12.26-22.03.52:584][  0]LogUnrealEdMisc: Total Editor Startup Time, took 8.295
[2020.12.26-22.03.52:703][  0]LogSlate: Updating window title bar state: overlay mode, drag disabled, window buttons hidden, title bar hidden
[2020.12.26-22.03.52:708][  0]LogSlate: Updating window title bar state: overlay mode, drag disabled, window buttons hidden, title bar hidden
[2020.12.26-22.03.52:715][  0]LogSlate: Updating window title bar state: overlay mode, drag disabled, window buttons hidden, title bar hidden
[2020.12.26-22.03.52:721][  0]LogSlate: Updating window title bar state: overlay mode, drag disabled, window buttons hidden, title bar hidden
[2020.12.26-22.03.52:727][  0]LogCollectionManager: Loaded 0 collections in 0.001484 seconds
[2020.12.26-22.03.52:741][  0]LogFileCache: Scanning file cache for directory 'C:/Users/thoma/Documents/Unreal Projects/UAV_Flight/Saved/Collections/' took 0.00s
[2020.12.26-22.03.52:741][  0]LogFileCache: Scanning file cache for directory 'C:/Users/thoma/Documents/Unreal Projects/UAV_Flight/Content/Developers/thoma/Collections/' took 0.00s
[2020.12.26-22.03.52:741][  0]LogFileCache: Scanning file cache for directory 'C:/Users/thoma/Documents/Unreal Projects/UAV_Flight/Content/Collections/' took 0.00s
[2020.12.26-22.03.52:741][  0]LogContentBrowser: Native class hierarchy populated in 0.0075 seconds. Added 3427 classes and 821 folders.
[2020.12.26-22.03.52:743][  0]LogContentBrowser: Native class hierarchy updated for 'WidgetCarousel' in 0.0002 seconds. Added 0 classes and 0 folders.
[2020.12.26-22.03.52:800][  0]LogContentBrowser: Native class hierarchy updated for 'AddContentDialog' in 0.0002 seconds. Added 0 classes and 0 folders.
[2020.12.26-22.03.52:801][  0]LogContentBrowser: Native class hierarchy updated for 'SceneOutliner' in 0.0002 seconds. Added 2 classes and 0 folders.
[2020.12.26-22.03.52:846][  0]LogSlate: Took 0.000250 seconds to synchronously load lazily loaded font '../../../Engine/Content/Slate/Fonts/Roboto-Regular.ttf' (155K)
[2020.12.26-22.03.52:847][  0]LogSlate: Took 0.000202 seconds to synchronously load lazily loaded font '../../../Engine/Content/Slate/Fonts/Roboto-Bold.ttf' (160K)
[2020.12.26-22.03.52:851][  0]LogSlate: Took 0.000235 seconds to synchronously load lazily loaded font '../../../Engine/Content/Editor/Slate/Fonts/FontAwesome.ttf' (139K)
[2020.12.26-22.03.52:903][  0]LogRenderer: Reallocating scene render targets to support 964x432 Format 10 NumSamples 1 (Frame:1).
[2020.12.26-22.03.53:043][  0]LogSlate: Window 'Tutorials' being destroyed
[2020.12.26-22.03.53:054][  0]LogContentBrowser: Native class hierarchy updated for 'HierarchicalLODOutliner' in 0.0002 seconds. Added 0 classes and 0 folders.
[2020.12.26-22.03.53:054][  0]LogLoad: (Engine Initialization) Total time: 8.77 seconds
[2020.12.26-22.03.53:054][  0]LogLoad: (Engine Initialization) Total Blueprint compile time: 0.00 seconds
[2020.12.26-22.03.53:104][  0]LogAssetRegistry: Asset discovery search completed in 3.8602 seconds
[2020.12.26-22.03.53:107][  0]LogCollectionManager: Fixed up redirectors for 0 collections in 0.000002 seconds (updated 0 objects)
[2020.12.26-22.03.53:108][  0]LogContentStreaming: Texture pool size now 1000 MB
[2020.12.26-22.03.53:125][  0]LogSlate: Took 0.000190 seconds to synchronously load lazily loaded font '../../../Engine/Content/Slate/Fonts/Roboto-Light.ttf' (167K)
[2020.12.26-22.04.30:000][473]LogEditorViewport: Clicking on Actor (LMB): StaticMeshActor (BigWall)
[2020.12.26-22.04.31:123][531]LogEditorViewport: Clicking on Actor (CTRL LMB): StaticMeshActor (EditorCube19)
[2020.12.26-22.04.31:918][577]LogEditorViewport: Clicking on Actor (CTRL LMB): StaticMeshActor (EditorCube18)
[2020.12.26-22.04.32:658][620]LogEditorViewport: Clicking on Actor (CTRL LMB): StaticMeshActor (EditorCube20)
[2020.12.26-22.04.34:903][753]LogEditorViewport: Clicking on Actor (CTRL LMB): StaticMeshActor (EditorCube21)
[2020.12.26-22.04.36:128][825]LogEditorViewport: Clicking on Actor (CTRL LMB): StaticMeshActor (EditorCube16)
[2020.12.26-22.04.43:176][246]LogEditorViewport: Clicking on Actor (LMB): StaticMeshActor (Wall2)
[2020.12.26-22.05.13:111][ 28]Cmd: TRANSACTION UNDO
[2020.12.26-22.05.13:111][ 28]LogEditorTransaction: Undo Move Actors
[2020.12.26-22.05.13:166][ 28]LogSlate: Took 0.000438 seconds to synchronously load lazily loaded font '../../../Engine/Content/Slate/Fonts/Roboto-Light.ttf' (167K)
[2020.12.26-22.05.18:023][305]LogEditorViewport: Clicking on Actor (LMB): StaticMeshActor (Wall2)
[2020.12.26-22.05.20:513][454]Cmd: EDIT COPY
[2020.12.26-22.05.21:246][496]Cmd: EDIT PASTE
[2020.12.26-22.06.41:700][477]LogEditorViewport: Clicking on Actor (LMB): StaticMeshActor (Wall5)
[2020.12.26-22.06.47:469][106]LogEditorViewport: Clicking on Actor (LMB): StaticMeshActor (BigWall)
[2020.12.26-22.06.48:492][219]Cmd: DELETE
[2020.12.26-22.06.48:492][219]Cmd: ACTOR DELETE
[2020.12.26-22.06.48:499][219]LogEditorActor: Deleted Actor: StaticMeshActor
[2020.12.26-22.06.48:510][219]LogUObjectHash: Compacting FUObjectHashTables data took   0.81ms
[2020.12.26-22.06.48:513][219]LogEditorActor: Deleted 1 Actors (0.021 secs)
[2020.12.26-22.06.52:859][734]LogEditorViewport: Clicking on Actor (LMB): StaticMeshActor (Wall5)
[2020.12.26-22.07.12:805][ 43]LogEditorViewport: Clicking on Actor (LMB): StaticMeshActor (Wall5)
[2020.12.26-22.07.17:967][599]LogEditorViewport: Clicking on Actor (LMB): StaticMeshActor (Wall5)
[2020.12.26-22.07.19:764][809]Cmd: EDIT COPY
[2020.12.26-22.07.20:501][897]Cmd: EDIT COPY
[2020.12.26-22.07.21:153][975]Cmd: EDIT PASTE
[2020.12.26-22.07.23:522][251]LogEditorViewport: Clicking on Actor (LMB): StaticMeshActor (Wall6)
[2020.12.26-22.09.36:909][600]LogEditorViewport: Clicking on Actor (LMB): StaticMeshActor (Wall4)
[2020.12.26-22.09.41:989][200]LogEditorViewport: Clicking on Actor (LMB): StaticMeshActor (Wall6)
[2020.12.26-22.09.43:546][383]LogEditorViewport: Clicking on Actor (LMB): StaticMeshActor (Wall4)
[2020.12.26-22.09.52:263][281]LogEditorViewport: Clicking on Actor (LMB): StaticMeshActor (Wall6)
[2020.12.26-22.09.58:305][949]LogEditorViewport: Clicking on Actor (LMB): StaticMeshActor (Wall3)
[2020.12.26-22.10.08:676][160]LogEditorViewport: Clicking on Actor (LMB): StaticMeshActor (Wall5)
[2020.12.26-22.10.11:476][470]LogEditorViewport: Clicking on Actor (LMB): StaticMeshActor (Wall3)
[2020.12.26-22.10.15:166][875]LogEditorViewport: Clicking on Actor (LMB): StaticMeshActor (Wall5)
[2020.12.26-22.10.22:844][757]LogEditorViewport: Clicking on Actor (LMB): StaticMeshActor (Wall6)
[2020.12.26-22.10.39:855][615]LogEditorViewport: Clicking on Actor (LMB): StaticMeshActor (Wall5)
[2020.12.26-22.10.41:342][790]LogEditorViewport: Clicking on Actor (LMB): StaticMeshActor (Wall6)
[2020.12.26-22.10.44:834][181]LogEditorViewport: Clicking on Actor (LMB): StaticMeshActor (Wall5)
[2020.12.26-22.10.54:320][233]LogEditorViewport: Clicking on Actor (LMB): StaticMeshActor (Wall6)
[2020.12.26-22.10.58:799][731]LogEditorViewport: Clicking on Actor (LMB): StaticMeshActor (Wall5)
[2020.12.26-22.12.05:250][877]Cmd: TRANSACTION UNDO
[2020.12.26-22.12.05:250][877]LogEditorTransaction: Undo Set Location
[2020.12.26-22.12.05:771][892]Cmd: TRANSACTION UNDO
[2020.12.26-22.12.05:771][892]LogEditorTransaction: Undo Set Location
[2020.12.26-22.12.06:105][932]Cmd: TRANSACTION UNDO
[2020.12.26-22.12.06:105][932]LogEditorTransaction: Undo Set Location
[2020.12.26-22.12.07:680][121]Cmd: TRANSACTION UNDO
[2020.12.26-22.12.07:680][121]LogEditorTransaction: Undo Clicking on Actors
[2020.12.26-22.12.08:344][195]Cmd: TRANSACTION UNDO
[2020.12.26-22.12.08:344][195]LogEditorTransaction: Undo Clicking on Actors
[2020.12.26-22.12.10:596][463]Cmd: TRANSACTION REDO
[2020.12.26-22.12.10:596][463]LogEditorTransaction: Redo Clicking on Actors
[2020.12.26-22.12.12:390][675]Cmd: TRANSACTION REDO
[2020.12.26-22.12.12:390][675]LogEditorTransaction: Redo Clicking on Actors
[2020.12.26-22.12.13:106][759]Cmd: TRANSACTION REDO
[2020.12.26-22.12.13:106][759]LogEditorTransaction: Redo Set Location
[2020.12.26-22.12.13:938][858]Cmd: TRANSACTION UNDO
[2020.12.26-22.12.13:938][858]LogEditorTransaction: Undo Set Location
[2020.12.26-22.12.15:950][ 98]LogEditorViewport: Clicking on Actor (LMB): StaticMeshActor (Wall6)
[2020.12.26-22.12.18:947][454]LogEditorViewport: Clicking on Actor (LMB): StaticMeshActor (Wall5)
[2020.12.26-22.12.20:844][678]LogEditorViewport: Clicking on Actor (LMB): StaticMeshActor (Wall6)
[2020.12.26-22.12.25:810][226]LogEditorViewport: Clicking on Actor (LMB): StaticMeshActor (Wall5)
[2020.12.26-22.12.38:833][648]LogEditorViewport: Clicking on Actor (LMB): StaticMeshActor (Wall6)
[2020.12.26-22.12.42:546][ 65]LogEditorViewport: Clicking on Actor (LMB): StaticMeshActor (Wall5)
[2020.12.26-22.13.52:347][349]LogEditorViewport: Clicking on Actor (LMB): StaticMeshActor (Wall6)
[2020.12.26-22.14.55:649][320]LogEditorViewport: Clicking on Actor (LMB): StaticMeshActor (Wall4)
[2020.12.26-22.15.01:265][959]LogEditorViewport: Clicking on Actor (LMB): StaticMeshActor (Wall6)
[2020.12.26-22.15.25:437][580]LogEditorViewport: Clicking on Actor (LMB): StaticMeshActor (Floor)
[2020.12.26-22.15.25:774][617]Cmd: TRANSACTION UNDO
[2020.12.26-22.15.25:774][617]LogEditorTransaction: Undo Clicking on Actors
[2020.12.26-22.15.26:274][631]Cmd: TRANSACTION UNDO
[2020.12.26-22.15.26:274][631]LogEditorTransaction: Undo Set Location
[2020.12.26-22.16.41:590][539]LogUObjectHash: Compacting FUObjectHashTables data took   1.10ms
[2020.12.26-22.16.41:647][539]LogSavePackage: Moving '../../../../../../Users/thoma/Documents/Unreal Projects/UAV_Flight/Saved/FirstPersonExampleMap_Auto1DBCEC5C74B5C89D085D01C947632BFC9.tmp' to '../../../../../../Users/thoma/Documents/Unreal Projects/UAV_Flight/Saved/Autosaves/Game/FirstPersonBP/Maps/FirstPersonExampleMap_Auto1.umap'
[2020.12.26-22.16.41:651][539]LogFileHelpers: Editor autosave (incl. sublevels) for '/Game/FirstPersonBP/Maps/FirstPersonExampleMap' took 0.073
[2020.12.26-22.16.41:651][539]LogFileHelpers: Editor autosave (incl. sublevels) for all levels took 0.073
[2020.12.26-22.19.29:468][213]LogEditorViewport: Clicking on Actor (LMB): StaticMeshActor (Wall5)
[2020.12.26-22.19.34:797][791]LogEditorViewport: Clicking on Actor (LMB): StaticMeshActor (Wall5)
[2020.12.26-22.19.38:157][158]Cmd: DELETE
[2020.12.26-22.19.38:157][158]Cmd: ACTOR DELETE
[2020.12.26-22.19.38:159][158]LogEditorActor: Deleted Actor: StaticMeshActor
[2020.12.26-22.19.38:169][158]LogUObjectHash: Compacting FUObjectHashTables data took   0.31ms
[2020.12.26-22.19.38:170][158]LogEditorActor: Deleted 1 Actors (0.014 secs)
[2020.12.26-22.19.39:981][375]LogEditorViewport: Clicking on Actor (LMB): StaticMeshActor (Wall6)
[2020.12.26-22.19.40:753][464]Cmd: EDIT COPY
[2020.12.26-22.19.41:040][498]Cmd: EDIT PASTE
[2020.12.26-22.20.19:144][ 13]LogEditorViewport: Clicking on Actor (LMB): StaticMeshActor (Wall7)
[2020.12.26-22.20.21:624][309]LogEditorViewport: Clicking on Actor (LMB): StaticMeshActor (Wall3)
[2020.12.26-22.20.23:663][550]LogEditorViewport: Clicking on Actor (LMB): StaticMeshActor (Wall7)
[2020.12.26-22.20.24:834][686]LogEditorViewport: Clicking on Actor (LMB): StaticMeshActor (Wall3)
[2020.12.26-22.20.29:066][134]LogEditorViewport: Clicking on Actor (LMB): StaticMeshActor (Wall7)
[2020.12.26-22.20.34:400][729]LogEditorViewport: Clicking on Actor (LMB): StaticMeshActor (Wall6)
[2020.12.26-22.20.40:892][461]LogEditorViewport: Clicking on Actor (LMB): StaticMeshActor (Wall4)
[2020.12.26-22.20.44:745][862]LogEditorViewport: Clicking on Actor (LMB): StaticMeshActor (Wall6)
[2020.12.26-22.20.54:087][872]LogTemp: Repeating last play command: Selected Viewport
[2020.12.26-22.20.54:100][872]LogPlayLevel: PlayLevel: No blueprints needed recompiling
[2020.12.26-22.20.54:104][872]PIE: New page: PIE session: FirstPersonExampleMap (Dec 26, 2020, 10:20:54 AM)
[2020.12.26-22.20.54:108][872]LogOnline: OSS: Creating online subsystem instance for: NULL
[2020.12.26-22.20.54:110][872]LogOnline: OSS: TryLoadSubsystemAndSetDefault: Loaded subsystem for module [NULL]
[2020.12.26-22.20.54:111][872]LogPlayLevel: Creating play world package: /Game/FirstPersonBP/Maps/UEDPIE_0_FirstPersonExampleMap
[2020.12.26-22.20.54:126][872]LogPlayLevel: PIE: StaticDuplicateObject took: (0.015034s)
[2020.12.26-22.20.54:128][872]LogAIModule: Creating AISystem for world FirstPersonExampleMap
[2020.12.26-22.20.54:128][872]LogAISub: UAISubsystem::UAISubsystem EnvQueryManager (000001B64C78D800), frame # 92872
[2020.12.26-22.20.54:128][872]LogAISub: UAISubsystem::UAISubsystem AIPerceptionSystem (000001B6006A2D40), frame # 92872
[2020.12.26-22.20.54:129][872]LogPlayLevel: PIE: World Init took: (0.002733s)
[2020.12.26-22.20.54:129][872]LogPlayLevel: PIE: Created PIE world by copying editor world from /Game/FirstPersonBP/Maps/FirstPersonExampleMap.FirstPersonExampleMap to /Game/FirstPersonBP/Maps/UEDPIE_0_FirstPersonExampleMap.FirstPersonExampleMap (0.018484s)
[2020.12.26-22.20.54:140][872]LogUObjectHash: Compacting FUObjectHashTables data took   0.73ms
[2020.12.26-22.20.54:143][872]LogAudioMixer: Display: Audio Mixer Platform Settings:
[2020.12.26-22.20.54:143][872]LogAudioMixer: Display: 	Sample Rate:						  48000
[2020.12.26-22.20.54:143][872]LogAudioMixer: Display: 	Callback Buffer Frame Size Requested: 1024
[2020.12.26-22.20.54:143][872]LogAudioMixer: Display: 	Callback Buffer Frame Size To Use:	  1024
[2020.12.26-22.20.54:143][872]LogAudioMixer: Display: 	Number of buffers to queue:			  2
[2020.12.26-22.20.54:143][872]LogAudioMixer: Display: 	Max Channels (voices):				  32
[2020.12.26-22.20.54:143][872]LogAudioMixer: Display: 	Number of Async Source Workers:		  0
[2020.12.26-22.20.54:143][872]LogAudio: Display: AudioDevice MaxSources: 32
[2020.12.26-22.20.54:143][872]LogAudio: Display: Using built-in audio occlusion.
[2020.12.26-22.20.54:143][872]LogAudioMixer: Display: Initializing audio mixer.
[2020.12.26-22.20.54:146][872]LogAudioMixer: Display: 0: FrontLeft
[2020.12.26-22.20.54:146][872]LogAudioMixer: Display: 1: FrontRight
[2020.12.26-22.20.54:164][872]LogAudioMixer: Display: Using Audio Device Speakers (Realtek(R) Audio)
[2020.12.26-22.20.54:164][872]LogAudioMixer: Display: Initializing Sound Submixes...
[2020.12.26-22.20.54:164][872]LogAudioMixer: Display: Creating Master Submix 'MasterSubmixDefault'
[2020.12.26-22.20.54:165][872]LogAudioMixer: Display: Creating Master Submix 'MasterReverbSubmixDefault'
[2020.12.26-22.20.54:165][872]LogAudioMixer: Display: Creating Master Submix 'MasterEQSubmixDefault'
[2020.12.26-22.20.54:175][872]LogInit: FAudioDevice initialized.
[2020.12.26-22.20.54:184][872]LogLoad: Game class is 'FirstPersonGameMode_C'
[2020.12.26-22.20.54:193][872]LogWorld: Bringing World /Game/FirstPersonBP/Maps/UEDPIE_0_FirstPersonExampleMap.FirstPersonExampleMap up for play (max tick rate 0) at 2020.12.26-16.20.54
[2020.12.26-22.20.54:194][872]LogWorld: Bringing up level for play took: 0.003660
[2020.12.26-22.20.54:196][872]LogOnline: OSS: Creating online subsystem instance for: :Context_3
[2020.12.26-22.20.54:214][872]LogContentBrowser: Native class hierarchy updated for 'MovieSceneCapture' in 0.0003 seconds. Added 20 classes and 0 folders.
[2020.12.26-22.20.54:217][872]PIE: Server logged in
[2020.12.26-22.20.54:219][872]PIE: Play in editor total start time 0.125 seconds.
[2020.12.26-22.21.40:609][403]LogSpawn: Warning: SpawnActor failed because of collision at the spawn location [X=929.164 Y=-36.778 Z=311.749] for [FirstPersonProjectile_C]
[2020.12.26-22.21.45:269][956]LogSlate: Updating window title bar state: overlay mode, drag disabled, window buttons hidden, title bar hidden
[2020.12.26-22.21.45:269][956]LogWorld: BeginTearingDown for /Game/FirstPersonBP/Maps/UEDPIE_0_FirstPersonExampleMap
[2020.12.26-22.21.45:271][956]LogWorld: UWorld::CleanupWorld for FirstPersonExampleMap, bSessionEnded=true, bCleanupResources=true
[2020.12.26-22.21.45:272][956]LogSlate: InvalidateAllWidgets triggered.  All widgets were invalidated
[2020.12.26-22.21.45:280][956]LogPlayLevel: Display: Shutting down PIE online subsystems
[2020.12.26-22.21.45:282][956]LogSlate: InvalidateAllWidgets triggered.  All widgets were invalidated
[2020.12.26-22.21.45:310][956]LogSlate: Updating window title bar state: overlay mode, drag disabled, window buttons hidden, title bar hidden
[2020.12.26-22.21.45:312][956]LogAISub: UAISubsystem::~UAISubsystem AIPerceptionSystem (000001B6006A2D40), frame # 98956
[2020.12.26-22.21.45:312][956]LogAISub: UAISubsystem::~UAISubsystem EnvQueryManager (000001B64C78D800), frame # 98956
[2020.12.26-22.21.45:314][956]LogUObjectHash: Compacting FUObjectHashTables data took   0.55ms
[2020.12.26-22.21.45:351][958]LogPlayLevel: Display: Destroying online subsystem :Context_3
[2020.12.26-22.21.51:311][659]LogEditorViewport: Clicking on Actor (LMB): StaticMeshActor (Wall6)
[2020.12.26-22.22.18:762][683]LogEditorViewport: Clicking on Actor (LMB): StaticMeshActor (Wall4)
[2020.12.26-22.22.31:315][135]LogEditorViewport: Clicking on Actor (LMB): StaticMeshActor (Wall7)
[2020.12.26-22.22.50:989][381]LogEditorViewport: Clicking on Actor (LMB): StaticMeshActor (Wall7)
[2020.12.26-22.22.57:481][116]LogEditorViewport: Clicking on Actor (LMB): BP_Sky_Sphere_C (SkySphereBlueprint)
[2020.12.26-22.22.59:341][329]LogEditorViewport: Clicking on Actor (LMB): StaticMeshActor (Wall7)
[2020.12.26-22.23.06:185][108]LogEditorViewport: Clicking on Actor (LMB): BP_Sky_Sphere_C (SkySphereBlueprint)
[2020.12.26-22.23.12:997][815]LogTemp: Repeating last play command: Selected Viewport
[2020.12.26-22.23.13:005][815]LogPlayLevel: PlayLevel: No blueprints needed recompiling
[2020.12.26-22.23.13:005][815]PIE: New page: PIE session: FirstPersonExampleMap (Dec 26, 2020, 10:23:13 AM)
[2020.12.26-22.23.13:035][815]LogPlayLevel: Creating play world package: /Game/FirstPersonBP/Maps/UEDPIE_0_FirstPersonExampleMap
[2020.12.26-22.23.13:048][815]LogPlayLevel: PIE: StaticDuplicateObject took: (0.013092s)
[2020.12.26-22.23.13:049][815]LogAIModule: Creating AISystem for world FirstPersonExampleMap
[2020.12.26-22.23.13:049][815]LogAISub: UAISubsystem::UAISubsystem EnvQueryManager (000001B606176400), frame # 108815
[2020.12.26-22.23.13:050][815]LogAISub: UAISubsystem::UAISubsystem AIPerceptionSystem (000001B60126D300), frame # 108815
[2020.12.26-22.23.13:050][815]LogPlayLevel: PIE: World Init took: (0.002067s)
[2020.12.26-22.23.13:050][815]LogPlayLevel: PIE: Created PIE world by copying editor world from /Game/FirstPersonBP/Maps/FirstPersonExampleMap.FirstPersonExampleMap to /Game/FirstPersonBP/Maps/UEDPIE_0_FirstPersonExampleMap.FirstPersonExampleMap (0.015315s)
[2020.12.26-22.23.13:061][815]LogUObjectHash: Compacting FUObjectHashTables data took   0.81ms
[2020.12.26-22.23.13:063][815]LogAudioMixer: Display: Audio Mixer Platform Settings:
[2020.12.26-22.23.13:063][815]LogAudioMixer: Display: 	Sample Rate:						  48000
[2020.12.26-22.23.13:063][815]LogAudioMixer: Display: 	Callback Buffer Frame Size Requested: 1024
[2020.12.26-22.23.13:063][815]LogAudioMixer: Display: 	Callback Buffer Frame Size To Use:	  1024
[2020.12.26-22.23.13:063][815]LogAudioMixer: Display: 	Number of buffers to queue:			  2
[2020.12.26-22.23.13:063][815]LogAudioMixer: Display: 	Max Channels (voices):				  32
[2020.12.26-22.23.13:063][815]LogAudioMixer: Display: 	Number of Async Source Workers:		  0
[2020.12.26-22.23.13:063][815]LogAudio: Display: AudioDevice MaxSources: 32
[2020.12.26-22.23.13:064][815]LogAudio: Display: Using built-in audio occlusion.
[2020.12.26-22.23.13:064][815]LogAudioMixer: Display: Initializing audio mixer.
[2020.12.26-22.23.13:066][815]LogAudioMixer: Display: 0: FrontLeft
[2020.12.26-22.23.13:066][815]LogAudioMixer: Display: 1: FrontRight
[2020.12.26-22.23.13:081][815]LogAudioMixer: Display: Using Audio Device Speakers (Realtek(R) Audio)
[2020.12.26-22.23.13:081][815]LogAudioMixer: Display: Initializing Sound Submixes...
[2020.12.26-22.23.13:081][815]LogAudioMixer: Display: Creating Master Submix 'MasterSubmixDefault'
[2020.12.26-22.23.13:081][815]LogAudioMixer: Display: Creating Master Submix 'MasterReverbSubmixDefault'
[2020.12.26-22.23.13:081][815]LogAudioMixer: Display: Creating Master Submix 'MasterEQSubmixDefault'
[2020.12.26-22.23.13:091][815]LogInit: FAudioDevice initialized.
[2020.12.26-22.23.13:097][815]LogLoad: Game class is 'FirstPersonGameMode_C'
[2020.12.26-22.23.13:099][815]LogWorld: Bringing World /Game/FirstPersonBP/Maps/UEDPIE_0_FirstPersonExampleMap.FirstPersonExampleMap up for play (max tick rate 0) at 2020.12.26-16.23.13
[2020.12.26-22.23.13:100][815]LogWorld: Bringing up level for play took: 0.001485
[2020.12.26-22.23.13:100][815]LogOnline: OSS: Creating online subsystem instance for: :Context_4
[2020.12.26-22.23.13:101][815]PIE: Server logged in
[2020.12.26-22.23.13:102][815]PIE: Play in editor total start time 0.099 seconds.
[2020.12.26-22.23.26:407][394]LogSlate: Updating window title bar state: overlay mode, drag disabled, window buttons hidden, title bar hidden
[2020.12.26-22.23.26:407][394]LogWorld: BeginTearingDown for /Game/FirstPersonBP/Maps/UEDPIE_0_FirstPersonExampleMap
[2020.12.26-22.23.26:408][394]LogWorld: UWorld::CleanupWorld for FirstPersonExampleMap, bSessionEnded=true, bCleanupResources=true
[2020.12.26-22.23.26:408][394]LogSlate: InvalidateAllWidgets triggered.  All widgets were invalidated
[2020.12.26-22.23.26:414][394]LogPlayLevel: Display: Shutting down PIE online subsystems
[2020.12.26-22.23.26:415][394]LogSlate: InvalidateAllWidgets triggered.  All widgets were invalidated
[2020.12.26-22.23.26:423][394]LogSlate: Updating window title bar state: overlay mode, drag disabled, window buttons hidden, title bar hidden
[2020.12.26-22.23.26:438][394]LogAISub: UAISubsystem::~UAISubsystem AIPerceptionSystem (000001B60126D300), frame # 110394
[2020.12.26-22.23.26:438][394]LogAISub: UAISubsystem::~UAISubsystem EnvQueryManager (000001B606176400), frame # 110394
[2020.12.26-22.23.26:438][394]LogUObjectHash: Compacting FUObjectHashTables data took   0.50ms
[2020.12.26-22.23.26:474][396]LogPlayLevel: Display: Destroying online subsystem :Context_4
[2020.12.26-22.23.35:213][426]LogUObjectHash: Compacting FUObjectHashTables data took   0.68ms
[2020.12.26-22.23.35:247][426]LogSavePackage: Moving '../../../../../../Users/thoma/Documents/Unreal Projects/UAV_Flight/Saved/FirstPersonExampleMapEB3971234B693EA52770E5958AA625BC.tmp' to '../../../../../../Users/thoma/Documents/Unreal Projects/UAV_Flight/Content/FirstPersonBP/Maps/FirstPersonExampleMap.umap'
[2020.12.26-22.23.36:106][426]LogSavePackage: Moving '../../../../../../Users/thoma/Documents/Unreal Projects/UAV_Flight/Saved/FirstPersonExampleMap_BuiltData0F3B225949FA0EADAF48389366F2F6F0.tmp' to '../../../../../../Users/thoma/Documents/Unreal Projects/UAV_Flight/Content/FirstPersonBP/Maps/FirstPersonExampleMap_BuiltData.uasset'
[2020.12.26-22.23.36:136][426]AssetCheck: New page: Asset Save: multiple assets
[2020.12.26-22.23.36:136][426]LogContentValidation: Display: Validating World /Game/FirstPersonBP/Maps/FirstPersonExampleMap.FirstPersonExampleMap
[2020.12.26-22.23.36:136][426]LogContentValidation: Display: Validating MapBuildDataRegistry /Game/FirstPersonBP/Maps/FirstPersonExampleMap_BuiltData.FirstPersonExampleMap_BuiltData
[2020.12.26-22.25.14:022][356]LogEditorViewport: Clicking on Actor (LMB): BP_Sky_Sphere_C (SkySphereBlueprint)
[2020.12.26-22.25.54:021][692]LogEditorViewport: Clicking on Actor (LMB): StaticMeshActor (BigWall2)
[2020.12.26-22.25.55:164][820]Cmd: DELETE
[2020.12.26-22.25.55:164][820]Cmd: ACTOR DELETE
[2020.12.26-22.25.55:166][820]LogEditorActor: Deleted Actor: StaticMeshActor
[2020.12.26-22.25.55:176][820]LogUObjectHash: Compacting FUObjectHashTables data took   0.76ms
[2020.12.26-22.25.55:179][820]LogEditorActor: Deleted 1 Actors (0.014 secs)
[2020.12.26-22.25.58:560][216]LogEditorViewport: Clicking on Actor (LMB): StaticMeshActor (Wall3)
[2020.12.26-22.25.59:423][308]LogEditorViewport: Clicking on Actor (LMB): StaticMeshActor (Wall3)
[2020.12.26-22.25.59:844][357]LogEditorViewport: Clicking on Actor (LMB): StaticMeshActor (Floor)
[2020.12.26-22.26.07:089][113]LogEditorViewport: Clicking on Actor (LMB): StaticMeshActor (Floor)
[2020.12.26-22.26.09:430][343]LogEditorViewport: Clicking on Actor (LMB): StaticMeshActor (Floor)
[2020.12.26-22.26.09:922][393]LogEditorViewport: Clicking on Actor (LMB): StaticMeshActor (Floor)
[2020.12.26-22.26.14:619][872]LogTemp: Repeating last play command: Selected Viewport
[2020.12.26-22.26.14:629][872]LogPlayLevel: PlayLevel: No blueprints needed recompiling
[2020.12.26-22.26.14:629][872]PIE: New page: PIE session: FirstPersonExampleMap (Dec 26, 2020, 10:26:14 AM)
[2020.12.26-22.26.14:629][872]LogPlayLevel: Creating play world package: /Game/FirstPersonBP/Maps/UEDPIE_0_FirstPersonExampleMap
[2020.12.26-22.26.14:643][872]LogPlayLevel: PIE: StaticDuplicateObject took: (0.013622s)
[2020.12.26-22.26.14:645][872]LogAIModule: Creating AISystem for world FirstPersonExampleMap
[2020.12.26-22.26.14:645][872]LogAISub: UAISubsystem::UAISubsystem EnvQueryManager (000001B605EC1600), frame # 128872
[2020.12.26-22.26.14:645][872]LogAISub: UAISubsystem::UAISubsystem AIPerceptionSystem (000001B6006A1940), frame # 128872
[2020.12.26-22.26.14:645][872]LogPlayLevel: PIE: World Init took: (0.002474s)
[2020.12.26-22.26.14:645][872]LogPlayLevel: PIE: Created PIE world by copying editor world from /Game/FirstPersonBP/Maps/FirstPersonExampleMap.FirstPersonExampleMap to /Game/FirstPersonBP/Maps/UEDPIE_0_FirstPersonExampleMap.FirstPersonExampleMap (0.016219s)
[2020.12.26-22.26.14:656][872]LogUObjectHash: Compacting FUObjectHashTables data took   0.91ms
[2020.12.26-22.26.14:659][872]LogAudioMixer: Display: Audio Mixer Platform Settings:
[2020.12.26-22.26.14:659][872]LogAudioMixer: Display: 	Sample Rate:						  48000
[2020.12.26-22.26.14:659][872]LogAudioMixer: Display: 	Callback Buffer Frame Size Requested: 1024
[2020.12.26-22.26.14:659][872]LogAudioMixer: Display: 	Callback Buffer Frame Size To Use:	  1024
[2020.12.26-22.26.14:659][872]LogAudioMixer: Display: 	Number of buffers to queue:			  2
[2020.12.26-22.26.14:659][872]LogAudioMixer: Display: 	Max Channels (voices):				  32
[2020.12.26-22.26.14:659][872]LogAudioMixer: Display: 	Number of Async Source Workers:		  0
[2020.12.26-22.26.14:659][872]LogAudio: Display: AudioDevice MaxSources: 32
[2020.12.26-22.26.14:660][872]LogAudio: Display: Using built-in audio occlusion.
[2020.12.26-22.26.14:660][872]LogAudioMixer: Display: Initializing audio mixer.
[2020.12.26-22.26.14:662][872]LogAudioMixer: Display: 0: FrontLeft
[2020.12.26-22.26.14:662][872]LogAudioMixer: Display: 1: FrontRight
[2020.12.26-22.26.14:680][872]LogAudioMixer: Display: Using Audio Device Speakers (Realtek(R) Audio)
[2020.12.26-22.26.14:680][872]LogAudioMixer: Display: Initializing Sound Submixes...
[2020.12.26-22.26.14:680][872]LogAudioMixer: Display: Creating Master Submix 'MasterSubmixDefault'
[2020.12.26-22.26.14:681][872]LogAudioMixer: Display: Creating Master Submix 'MasterReverbSubmixDefault'
[2020.12.26-22.26.14:681][872]LogAudioMixer: Display: Creating Master Submix 'MasterEQSubmixDefault'
[2020.12.26-22.26.14:693][872]LogInit: FAudioDevice initialized.
[2020.12.26-22.26.14:698][872]LogLoad: Game class is 'FirstPersonGameMode_C'
[2020.12.26-22.26.14:701][872]LogWorld: Bringing World /Game/FirstPersonBP/Maps/UEDPIE_0_FirstPersonExampleMap.FirstPersonExampleMap up for play (max tick rate 0) at 2020.12.26-16.26.14
[2020.12.26-22.26.14:701][872]LogWorld: Bringing up level for play took: 0.002093
[2020.12.26-22.26.14:701][872]LogOnline: OSS: Creating online subsystem instance for: :Context_5
[2020.12.26-22.26.14:703][872]PIE: Server logged in
[2020.12.26-22.26.14:704][872]PIE: Play in editor total start time 0.077 seconds.
[2020.12.26-22.26.22:133][753]LogSpawn: Warning: SpawnActor failed because of collision at the spawn location [X=-792.320 Y=-1926.891 Z=277.661] for [FirstPersonProjectile_C]
[2020.12.26-22.26.22:341][778]LogSpawn: Warning: SpawnActor failed because of collision at the spawn location [X=-783.947 Y=-1987.882 Z=284.728] for [FirstPersonProjectile_C]
[2020.12.26-22.26.22:494][796]LogSpawn: Warning: SpawnActor failed because of collision at the spawn location [X=-782.288 Y=-1986.485 Z=287.439] for [FirstPersonProjectile_C]
[2020.12.26-22.26.22:661][816]LogSpawn: Warning: SpawnActor failed because of collision at the spawn location [X=-782.206 Y=-1988.819 Z=295.188] for [FirstPersonProjectile_C]
[2020.12.26-22.26.22:803][833]LogSpawn: Warning: SpawnActor failed because of collision at the spawn location [X=-781.744 Y=-1988.486 Z=298.741] for [FirstPersonProjectile_C]
[2020.12.26-22.26.22:936][849]LogSpawn: Warning: SpawnActor failed because of collision at the spawn location [X=-777.864 Y=-1988.142 Z=302.400] for [FirstPersonProjectile_C]
[2020.12.26-22.26.23:070][865]LogSpawn: Warning: SpawnActor failed because of collision at the spawn location [X=-778.323 Y=-1988.037 Z=301.275] for [FirstPersonProjectile_C]
[2020.12.26-22.26.23:204][881]LogSpawn: Warning: SpawnActor failed because of collision at the spawn location [X=-780.103 Y=-1987.977 Z=299.204] for [FirstPersonProjectile_C]
[2020.12.26-22.26.23:312][894]LogSpawn: Warning: SpawnActor failed because of collision at the spawn location [X=-780.307 Y=-1988.453 Z=307.016] for [FirstPersonProjectile_C]
[2020.12.26-22.26.23:838][957]LogSpawn: Warning: SpawnActor failed because of collision at the spawn location [X=-774.767 Y=-1979.357 Z=308.743] for [FirstPersonProjectile_C]
[2020.12.26-22.26.24:024][979]LogSpawn: Warning: SpawnActor failed because of collision at the spawn location [X=-736.484 Y=-1921.633 Z=309.470] for [FirstPersonProjectile_C]
[2020.12.26-22.26.42:788][216]LogSlate: Updating window title bar state: overlay mode, drag disabled, window buttons hidden, title bar hidden
[2020.12.26-22.26.42:788][216]LogWorld: BeginTearingDown for /Game/FirstPersonBP/Maps/UEDPIE_0_FirstPersonExampleMap
[2020.12.26-22.26.42:788][216]LogWorld: UWorld::CleanupWorld for FirstPersonExampleMap, bSessionEnded=true, bCleanupResources=true
[2020.12.26-22.26.42:788][216]LogSlate: InvalidateAllWidgets triggered.  All widgets were invalidated
[2020.12.26-22.26.42:793][216]LogPlayLevel: Display: Shutting down PIE online subsystems
[2020.12.26-22.26.42:795][216]LogSlate: InvalidateAllWidgets triggered.  All widgets were invalidated
[2020.12.26-22.26.42:803][216]LogSlate: Updating window title bar state: overlay mode, drag disabled, window buttons hidden, title bar hidden
[2020.12.26-22.26.42:820][216]LogAISub: UAISubsystem::~UAISubsystem AIPerceptionSystem (000001B6006A1940), frame # 132216
[2020.12.26-22.26.42:820][216]LogAISub: UAISubsystem::~UAISubsystem EnvQueryManager (000001B605EC1600), frame # 132216
[2020.12.26-22.26.42:821][216]LogUObjectHash: Compacting FUObjectHashTables data took   0.71ms
[2020.12.26-22.26.42:865][220]LogPlayLevel: Display: Destroying online subsystem :Context_5
[2020.12.26-22.26.44:578][422]LogUObjectHash: Compacting FUObjectHashTables data took   0.73ms
[2020.12.26-22.26.44:607][422]LogSavePackage: Moving '../../../../../../Users/thoma/Documents/Unreal Projects/UAV_Flight/Saved/FirstPersonExampleMapF22C38C4437F2BF904E0219395A3E8C1.tmp' to '../../../../../../Users/thoma/Documents/Unreal Projects/UAV_Flight/Content/FirstPersonBP/Maps/FirstPersonExampleMap.umap'
[2020.12.26-22.26.45:153][422]LogSavePackage: Moving '../../../../../../Users/thoma/Documents/Unreal Projects/UAV_Flight/Saved/FirstPersonExampleMap_BuiltData3257A9DD40D881000763DA98753EFE40.tmp' to '../../../../../../Users/thoma/Documents/Unreal Projects/UAV_Flight/Content/FirstPersonBP/Maps/FirstPersonExampleMap_BuiltData.uasset'
[2020.12.26-22.26.45:168][422]AssetCheck: New page: Asset Save: multiple assets
[2020.12.26-22.26.45:168][422]LogContentValidation: Display: Validating World /Game/FirstPersonBP/Maps/FirstPersonExampleMap.FirstPersonExampleMap
[2020.12.26-22.26.45:168][422]LogContentValidation: Display: Validating MapBuildDataRegistry /Game/FirstPersonBP/Maps/FirstPersonExampleMap_BuiltData.FirstPersonExampleMap_BuiltData
[2020.12.26-22.27.38:972][577]LogUObjectHash: Compacting FUObjectHashTables data took   0.64ms
[2020.12.26-22.30.23:505][342]LogTemp: Repeating last play command: Selected Viewport
[2020.12.26-22.30.23:517][342]LogPlayLevel: PlayLevel: No blueprints needed recompiling
[2020.12.26-22.30.23:517][342]PIE: New page: PIE session: FirstPersonExampleMap (Dec 26, 2020, 10:30:23 AM)
[2020.12.26-22.30.23:544][342]LogPlayLevel: Creating play world package: /Game/FirstPersonBP/Maps/UEDPIE_0_FirstPersonExampleMap
[2020.12.26-22.30.23:558][342]LogPlayLevel: PIE: StaticDuplicateObject took: (0.014236s)
[2020.12.26-22.30.23:560][342]LogAIModule: Creating AISystem for world FirstPersonExampleMap
[2020.12.26-22.30.23:560][342]LogAISub: UAISubsystem::UAISubsystem EnvQueryManager (000001B661340A00), frame # 143342
[2020.12.26-22.30.23:560][342]LogAISub: UAISubsystem::UAISubsystem AIPerceptionSystem (000001B64C756200), frame # 143342
[2020.12.26-22.30.23:560][342]LogPlayLevel: PIE: World Init took: (0.002069s)
[2020.12.26-22.30.23:560][342]LogPlayLevel: PIE: Created PIE world by copying editor world from /Game/FirstPersonBP/Maps/FirstPersonExampleMap.FirstPersonExampleMap to /Game/FirstPersonBP/Maps/UEDPIE_0_FirstPersonExampleMap.FirstPersonExampleMap (0.016502s)
[2020.12.26-22.30.23:575][342]LogUObjectHash: Compacting FUObjectHashTables data took   1.48ms
[2020.12.26-22.30.23:578][342]LogAudioMixer: Display: Audio Mixer Platform Settings:
[2020.12.26-22.30.23:578][342]LogAudioMixer: Display: 	Sample Rate:						  48000
[2020.12.26-22.30.23:579][342]LogAudioMixer: Display: 	Callback Buffer Frame Size Requested: 1024
[2020.12.26-22.30.23:579][342]LogAudioMixer: Display: 	Callback Buffer Frame Size To Use:	  1024
[2020.12.26-22.30.23:579][342]LogAudioMixer: Display: 	Number of buffers to queue:			  2
[2020.12.26-22.30.23:579][342]LogAudioMixer: Display: 	Max Channels (voices):				  32
[2020.12.26-22.30.23:579][342]LogAudioMixer: Display: 	Number of Async Source Workers:		  0
[2020.12.26-22.30.23:579][342]LogAudio: Display: AudioDevice MaxSources: 32
[2020.12.26-22.30.23:580][342]LogAudio: Display: Using built-in audio occlusion.
[2020.12.26-22.30.23:580][342]LogAudioMixer: Display: Initializing audio mixer.
[2020.12.26-22.30.23:583][342]LogAudioMixer: Display: 0: FrontLeft
[2020.12.26-22.30.23:583][342]LogAudioMixer: Display: 1: FrontRight
[2020.12.26-22.30.23:605][342]LogAudioMixer: Display: Using Audio Device Speakers (Realtek(R) Audio)
[2020.12.26-22.30.23:606][342]LogAudioMixer: Display: Initializing Sound Submixes...
[2020.12.26-22.30.23:606][342]LogAudioMixer: Display: Creating Master Submix 'MasterSubmixDefault'
[2020.12.26-22.30.23:606][342]LogAudioMixer: Display: Creating Master Submix 'MasterReverbSubmixDefault'
[2020.12.26-22.30.23:606][342]LogAudioMixer: Display: Creating Master Submix 'MasterEQSubmixDefault'
[2020.12.26-22.30.23:619][342]LogInit: FAudioDevice initialized.
[2020.12.26-22.30.23:624][342]LogLoad: Game class is 'FirstPersonGameMode_C'
[2020.12.26-22.30.23:627][342]LogWorld: Bringing World /Game/FirstPersonBP/Maps/UEDPIE_0_FirstPersonExampleMap.FirstPersonExampleMap up for play (max tick rate 0) at 2020.12.26-16.30.23
[2020.12.26-22.30.23:627][342]LogWorld: Bringing up level for play took: 0.002505
[2020.12.26-22.30.23:627][342]LogOnline: OSS: Creating online subsystem instance for: :Context_6
[2020.12.26-22.30.23:630][342]PIE: Server logged in
[2020.12.26-22.30.23:631][342]PIE: Play in editor total start time 0.116 seconds.
[2020.12.26-22.30.24:756][467]LogSlate: Updating window title bar state: overlay mode, drag disabled, window buttons hidden, title bar hidden
[2020.12.26-22.30.24:756][467]LogWorld: BeginTearingDown for /Game/FirstPersonBP/Maps/UEDPIE_0_FirstPersonExampleMap
[2020.12.26-22.30.24:756][467]LogWorld: UWorld::CleanupWorld for FirstPersonExampleMap, bSessionEnded=true, bCleanupResources=true
[2020.12.26-22.30.24:757][467]LogSlate: InvalidateAllWidgets triggered.  All widgets were invalidated
[2020.12.26-22.30.24:762][467]LogPlayLevel: Display: Shutting down PIE online subsystems
[2020.12.26-22.30.24:764][467]LogSlate: InvalidateAllWidgets triggered.  All widgets were invalidated
[2020.12.26-22.30.24:773][467]LogSlate: Updating window title bar state: overlay mode, drag disabled, window buttons hidden, title bar hidden
[2020.12.26-22.30.24:790][467]LogAISub: UAISubsystem::~UAISubsystem AIPerceptionSystem (000001B64C756200), frame # 143467
[2020.12.26-22.30.24:790][467]LogAISub: UAISubsystem::~UAISubsystem EnvQueryManager (000001B661340A00), frame # 143467
[2020.12.26-22.30.24:791][467]LogUObjectHash: Compacting FUObjectHashTables data took   0.79ms
[2020.12.26-22.30.24:829][470]LogPlayLevel: Display: Destroying online subsystem :Context_6
[2020.12.26-22.30.44:141][600]LogUObjectHash: Compacting FUObjectHashTables data took   0.89ms
[2020.12.26-22.30.44:176][600]LogSavePackage: Moving '../../../../../../Users/thoma/Documents/Unreal Projects/UAV_Flight/Saved/FirstPersonExampleMapBF5439F74245BB8D175259B98046F731.tmp' to '../../../../../../Users/thoma/Documents/Unreal Projects/UAV_Flight/Content/FirstPersonBP/Maps/FirstPersonExampleMap.umap'
[2020.12.26-22.30.44:731][600]LogSavePackage: Moving '../../../../../../Users/thoma/Documents/Unreal Projects/UAV_Flight/Saved/FirstPersonExampleMap_BuiltData8985D05445ADEB44CB5B60B86A10CE82.tmp' to '../../../../../../Users/thoma/Documents/Unreal Projects/UAV_Flight/Content/FirstPersonBP/Maps/FirstPersonExampleMap_BuiltData.uasset'
[2020.12.26-22.30.44:746][600]AssetCheck: New page: Asset Save: multiple assets
[2020.12.26-22.30.44:747][600]LogContentValidation: Display: Validating World /Game/FirstPersonBP/Maps/FirstPersonExampleMap.FirstPersonExampleMap
[2020.12.26-22.30.44:747][600]LogContentValidation: Display: Validating MapBuildDataRegistry /Game/FirstPersonBP/Maps/FirstPersonExampleMap_BuiltData.FirstPersonExampleMap_BuiltData
